Release 12.4 Map M.81d (lin64)
Xilinx Mapping Report File for Design 'toplevel'

Design Information
------------------
Command Line   : map -intstyle ise -p xc3s1200e-fg320-4 -cm area -ir off -pr off
-c 100 -o toplevel_map.ncd toplevel.ngd toplevel.pcf 
Target Device  : xc3s1200e
Target Package : fg320
Target Speed   : -4
Mapper Version : spartan3e -- $Revision: 1.52.76.2 $
Mapped Date    : Thu Nov 12 12:16:04 2015

Design Summary
--------------
Number of errors:      0
Number of warnings:    0
Logic Utilization:
  Number of Slice Flip Flops:           164 out of  17,344    1%
  Number of 4 input LUTs:               165 out of  17,344    1%
Logic Distribution:
  Number of occupied Slices:            159 out of   8,672    1%
    Number of Slices containing only related logic:     159 out of     159 100%
    Number of Slices containing unrelated logic:          0 out of     159   0%
      *See NOTES below for an explanation of the effects of unrelated logic.
  Total Number of 4 input LUTs:         167 out of  17,344    1%
    Number used as logic:               165
    Number used as a route-thru:          2

  The Slice Logic Distribution report is not meaningful if the design is
  over-mapped for a non-slice resource or if Placement fails.

  Number of bonded IOBs:                 28 out of     250   11%
  Number of BUFGMUXs:                     1 out of      24    4%

  Number of RPM macros:            1
Average Fanout of Non-Clock Nets:                2.49

Peak Memory Usage:  383 MB
Total REAL time to MAP completion:  1 secs 
Total CPU time to MAP completion:   1 secs 

NOTES:

   Related logic is defined as being logic that shares connectivity - e.g. two
   LUTs are "related" if they share common inputs.  When assembling slices,
   Map gives priority to combine logic that is related.  Doing so results in
   the best timing performance.

   Unrelated logic shares no connectivity.  Map will only begin packing
   unrelated logic into a slice once 99% of the slices are occupied through
   related logic packing.

   Note that once logic distribution reaches the 99% level through related
   logic packing, this does not mean the device is completely utilized.
   Unrelated logic packing will then begin, continuing until all usable LUTs
   and FFs are occupied.  Depending on your timing budget, increased levels of
   unrelated logic packing may adversely affect the overall timing performance
   of your design.

Table of Contents
-----------------
Section 1 - Errors
Section 2 - Warnings
Section 3 - Informational
Section 4 - Removed Logic Summary
Section 5 - Removed Logic
Section 6 - IOB Properties
Section 7 - RPMs
Section 8 - Guide Report
Section 9 - Area Group and Partition Summary
Section 10 - Timing Report
Section 11 - Configuration String Information
Section 12 - Control Set Information
Section 13 - Utilization by Hierarchy

Section 1 - Errors
------------------

Section 2 - Warnings
--------------------
WARNING:Security:42 - Your software subscription period has lapsed. Your current
version of Xilinx tools will continue to function, but you no longer qualify for
Xilinx software updates or new releases.

Section 3 - Informational
-------------------------
INFO:Security:54 - 'xc3s1200e' is a WebPack part.
INFO:LIT:243 - Logical network XLXI_103/XLXI_105/XLXI_1/OFL has no load.
INFO:LIT:395 - The above info message is repeated 8 more times for the following
   (max. 5 shown):
   XLXI_103/XLXI_182/D0,
   XLXI_103/XLXI_182/D11,
   XLXI_103/XLXI_182/D13,
   XLXI_103/XLXI_182/D15,
   XLXI_103/XLXI_182/D7
   To see the details of these info messages, please use the -detail switch.
INFO:MapLib:562 - No environment variables are currently set.
INFO:LIT:244 - All of the single ended outputs in this design are using slew
   rate limited output drivers. The delay on speed critical single ended outputs
   can be dramatically reduced by designating them as fast outputs.

Section 4 - Removed Logic Summary
---------------------------------
  85 block(s) removed
 208 block(s) optimized away
  86 signal(s) removed

Section 5 - Removed Logic
-------------------------

The trimmed logic report below shows the logic removed from your design due to
sourceless or loadless signals, and VCC or ground connections.  If the removal
of a signal or symbol results in the subsequent removal of an additional signal
or symbol, the message explaining that second removal will be indented.  This
indentation will be repeated as a chain of related logic is removed.

To quickly locate the original cause for the removal of a chain of logic, look
above the place where that logic is listed in the trimming report, then locate
the lines that are least indented (begin at the leftmost edge).

The signal "XLXI_103/XLXI_105/XLXI_1/CO" is sourceless and has been removed.
 Sourceless block "XLXI_103/XLXI_105/XLXI_1/I_36_375" (XOR) removed.
  The signal "XLXI_103/XLXI_105/XLXI_1/OFL" is sourceless and has been removed.
The signal "XLXI_103/XLXI_105/XLXI_1/dummy" is sourceless and has been removed.
The signal "XLXI_103/XLXI_182/D0" is sourceless and has been removed.
The signal "XLXI_103/XLXI_182/D11" is sourceless and has been removed.
The signal "XLXI_103/XLXI_182/D13" is sourceless and has been removed.
The signal "XLXI_103/XLXI_182/D15" is sourceless and has been removed.
The signal "XLXI_103/XLXI_182/D7" is sourceless and has been removed.
The signal "XLXI_103/XLXI_183/D0" is sourceless and has been removed.
The signal "XLXI_103/XLXI_100/N1" is sourceless and has been removed.
The signal "XLXI_103/XLXI_100/N0" is sourceless and has been removed.

The trimmed logic reported below is either:
   1. part of a cycle
   2. part of disabled logic
   3. a side-effect of other trimmed logic

The signal "XLXI_103/B2Ram" is unused and has been removed.
 Unused block "XLXI_103/XLXI_182/I_36_57" (AND) removed.
The signal "XLXI_103/B2Rsrc1" is unused and has been removed.
 Unused block "XLXI_103/XLXI_182/I_36_54" (AND) removed.
The signal "XLXI_103/B2Rsrc2" is unused and has been removed.
 Unused block "XLXI_103/XLXI_182/I_36_55" (AND) removed.
The signal "XLXI_103/Rsrc2out<0>" is unused and has been removed.
 Unused block "XLXI_103/Rsrc2/I_Q0" (FF) removed.
The signal "XLXI_103/Rsrc2out<10>" is unused and has been removed.
 Unused block "XLXI_103/Rsrc2/I_Q10" (FF) removed.
The signal "XLXI_103/Rsrc2out<11>" is unused and has been removed.
 Unused block "XLXI_103/Rsrc2/I_Q11" (FF) removed.
The signal "XLXI_103/Rsrc2out<12>" is unused and has been removed.
 Unused block "XLXI_103/Rsrc2/I_Q12" (FF) removed.
The signal "XLXI_103/Rsrc2out<13>" is unused and has been removed.
 Unused block "XLXI_103/Rsrc2/I_Q13" (FF) removed.
The signal "XLXI_103/Rsrc2out<14>" is unused and has been removed.
 Unused block "XLXI_103/Rsrc2/I_Q14" (FF) removed.
The signal "XLXI_103/Rsrc2out<15>" is unused and has been removed.
 Unused block "XLXI_103/Rsrc2/I_Q15" (FF) removed.
The signal "XLXI_103/Rsrc2out<1>" is unused and has been removed.
 Unused block "XLXI_103/Rsrc2/I_Q1" (FF) removed.
The signal "XLXI_103/Rsrc2out<2>" is unused and has been removed.
 Unused block "XLXI_103/Rsrc2/I_Q2" (FF) removed.
The signal "XLXI_103/Rsrc2out<3>" is unused and has been removed.
 Unused block "XLXI_103/Rsrc2/I_Q3" (FF) removed.
The signal "XLXI_103/Rsrc2out<4>" is unused and has been removed.
 Unused block "XLXI_103/Rsrc2/I_Q4" (FF) removed.
The signal "XLXI_103/Rsrc2out<5>" is unused and has been removed.
 Unused block "XLXI_103/Rsrc2/I_Q5" (FF) removed.
The signal "XLXI_103/Rsrc2out<6>" is unused and has been removed.
 Unused block "XLXI_103/Rsrc2/I_Q6" (FF) removed.
The signal "XLXI_103/Rsrc2out<7>" is unused and has been removed.
 Unused block "XLXI_103/Rsrc2/I_Q7" (FF) removed.
The signal "XLXI_103/Rsrc2out<8>" is unused and has been removed.
 Unused block "XLXI_103/Rsrc2/I_Q8" (FF) removed.
The signal "XLXI_103/Rsrc2out<9>" is unused and has been removed.
 Unused block "XLXI_103/Rsrc2/I_Q9" (FF) removed.
The signal "XLXI_103/XLXI_103/source_i<3>" is unused and has been removed.
The signal "XLXI_103/XLXN_33<0>" is unused and has been removed.
 Unused block "XLXI_103/Rsrc1/I_Q0" (FF) removed.
The signal "XLXI_103/XLXN_33<10>" is unused and has been removed.
 Unused block "XLXI_103/Rsrc1/I_Q10" (FF) removed.
The signal "XLXI_103/XLXN_33<11>" is unused and has been removed.
 Unused block "XLXI_103/Rsrc1/I_Q11" (FF) removed.
The signal "XLXI_103/XLXN_33<12>" is unused and has been removed.
 Unused block "XLXI_103/Rsrc1/I_Q12" (FF) removed.
The signal "XLXI_103/XLXN_33<13>" is unused and has been removed.
 Unused block "XLXI_103/Rsrc1/I_Q13" (FF) removed.
The signal "XLXI_103/XLXN_33<14>" is unused and has been removed.
 Unused block "XLXI_103/Rsrc1/I_Q14" (FF) removed.
The signal "XLXI_103/XLXN_33<15>" is unused and has been removed.
 Unused block "XLXI_103/Rsrc1/I_Q15" (FF) removed.
The signal "XLXI_103/XLXN_33<1>" is unused and has been removed.
 Unused block "XLXI_103/Rsrc1/I_Q1" (FF) removed.
The signal "XLXI_103/XLXN_33<2>" is unused and has been removed.
 Unused block "XLXI_103/Rsrc1/I_Q2" (FF) removed.
The signal "XLXI_103/XLXN_33<3>" is unused and has been removed.
 Unused block "XLXI_103/Rsrc1/I_Q3" (FF) removed.
The signal "XLXI_103/XLXN_33<4>" is unused and has been removed.
 Unused block "XLXI_103/Rsrc1/I_Q4" (FF) removed.
The signal "XLXI_103/XLXN_33<5>" is unused and has been removed.
 Unused block "XLXI_103/Rsrc1/I_Q5" (FF) removed.
The signal "XLXI_103/XLXN_33<6>" is unused and has been removed.
 Unused block "XLXI_103/Rsrc1/I_Q6" (FF) removed.
The signal "XLXI_103/XLXN_33<7>" is unused and has been removed.
 Unused block "XLXI_103/Rsrc1/I_Q7" (FF) removed.
The signal "XLXI_103/XLXN_33<8>" is unused and has been removed.
 Unused block "XLXI_103/Rsrc1/I_Q8" (FF) removed.
The signal "XLXI_103/XLXN_33<9>" is unused and has been removed.
 Unused block "XLXI_103/Rsrc1/I_Q9" (FF) removed.
The signal "XLXI_103/XLXN_36<0>" is unused and has been removed.
 Unused block "XLXI_103/Ram/I_Q0" (FF) removed.
The signal "XLXI_103/XLXN_36<10>" is unused and has been removed.
 Unused block "XLXI_103/Ram/I_Q10" (FF) removed.
The signal "XLXI_103/XLXN_36<11>" is unused and has been removed.
 Unused block "XLXI_103/Ram/I_Q11" (FF) removed.
The signal "XLXI_103/XLXN_36<12>" is unused and has been removed.
 Unused block "XLXI_103/Ram/I_Q12" (FF) removed.
The signal "XLXI_103/XLXN_36<13>" is unused and has been removed.
 Unused block "XLXI_103/Ram/I_Q13" (FF) removed.
The signal "XLXI_103/XLXN_36<14>" is unused and has been removed.
 Unused block "XLXI_103/Ram/I_Q14" (FF) removed.
The signal "XLXI_103/XLXN_36<15>" is unused and has been removed.
 Unused block "XLXI_103/Ram/I_Q15" (FF) removed.
The signal "XLXI_103/XLXN_36<1>" is unused and has been removed.
 Unused block "XLXI_103/Ram/I_Q1" (FF) removed.
The signal "XLXI_103/XLXN_36<2>" is unused and has been removed.
 Unused block "XLXI_103/Ram/I_Q2" (FF) removed.
The signal "XLXI_103/XLXN_36<3>" is unused and has been removed.
 Unused block "XLXI_103/Ram/I_Q3" (FF) removed.
The signal "XLXI_103/XLXN_36<4>" is unused and has been removed.
 Unused block "XLXI_103/Ram/I_Q4" (FF) removed.
The signal "XLXI_103/XLXN_36<5>" is unused and has been removed.
 Unused block "XLXI_103/Ram/I_Q5" (FF) removed.
The signal "XLXI_103/XLXN_36<6>" is unused and has been removed.
 Unused block "XLXI_103/Ram/I_Q6" (FF) removed.
The signal "XLXI_103/XLXN_36<7>" is unused and has been removed.
 Unused block "XLXI_103/Ram/I_Q7" (FF) removed.
The signal "XLXI_103/XLXN_36<8>" is unused and has been removed.
 Unused block "XLXI_103/Ram/I_Q8" (FF) removed.
The signal "XLXI_103/XLXN_36<9>" is unused and has been removed.
 Unused block "XLXI_103/Ram/I_Q9" (FF) removed.
The signal "XLXI_103/XLXN_48<0>" is unused and has been removed.
 Unused block "XLXI_103/Ri/I_Q0" (FF) removed.
The signal "XLXI_103/XLXN_48<1>" is unused and has been removed.
 Unused block "XLXI_103/Ri/I_Q1" (FF) removed.
The signal "XLXI_103/XLXN_48<2>" is unused and has been removed.
 Unused block "XLXI_103/Ri/I_Q2" (FF) removed.
The signal "XLXI_103/XLXN_48<3>" is unused and has been removed.
 Unused block "XLXI_103/Ri/I_Q3" (FF) removed.
The signal "XLXI_103/XLXN_48<4>" is unused and has been removed.
 Unused block "XLXI_103/Ri/I_Q4" (FF) removed.
The signal "XLXI_103/XLXN_48<5>" is unused and has been removed.
 Unused block "XLXI_103/Ri/I_Q5" (FF) removed.
The signal "XLXI_103/XLXN_48<6>" is unused and has been removed.
 Unused block "XLXI_103/Ri/I_Q6" (FF) removed.
The signal "XLXI_97/XLXN_107" is unused and has been removed.
 Unused block "XLXI_97/XLXI_101" (FF) removed.
  The signal "XLXI_97/XLXN_113" is unused and has been removed.
   Unused block "XLXI_97/XLXI_104" (FF) removed.
    The signal "XLXI_97/XLXN_111" is unused and has been removed.
     Unused block "XLXI_97/XLXI_105" (BUF) removed.
  The signal "XLXI_97/XLXN_108" is unused and has been removed.
   Unused block "XLXI_97/XLXI_102" (BUF) removed.
The signal "XLXI_97/XLXN_109" is unused and has been removed.
 Unused block "XLXI_97/XLXI_103" (BUF) removed.
  The signal "XLXI_97/XLXN_110" is unused and has been removed.
   Unused block "XLXI_97/XLXI_100" (FF) removed.
The signal "XLXI_97/XLXN_114" is unused and has been removed.
 Unused block "XLXI_97/XLXI_106" (FF) removed.
  The signal "XLXI_97/XLXN_115" is unused and has been removed.
   Unused block "XLXI_97/XLXI_107" (BUF) removed.
The signal "XLXI_97/XLXN_116" is unused and has been removed.
 Unused block "XLXI_97/XLXI_108" (FF) removed.
  The signal "XLXI_97/XLXN_117" is unused and has been removed.
   Unused block "XLXI_97/XLXI_109" (BUF) removed.
The signal "XLXI_97/XLXN_118" is unused and has been removed.
 Unused block "XLXI_97/XLXI_110" (FF) removed.
  The signal "XLXI_97/XLXN_119" is unused and has been removed.
   Unused block "XLXI_97/XLXI_111" (BUF) removed.
The signal "XLXI_97/XLXN_120" is unused and has been removed.
 Unused block "XLXI_97/XLXI_112" (FF) removed.
  The signal "XLXI_97/XLXN_121" is unused and has been removed.
   Unused block "XLXI_97/XLXI_113" (BUF) removed.
The signal "XLXI_97/XLXN_126" is unused and has been removed.
 Unused block "XLXI_97/XLXI_119" (BUF) removed.
  The signal "XLXI_97/clksec_DUMMY" is unused and has been removed.
   Unused block "XLXI_97/XLXI_118" (FF) removed.
Unused block "XLXI_103/XLXI_100/GND" (ZERO) removed.
Unused block "XLXI_103/XLXI_100/VCC" (ONE) removed.
Unused block "XLXI_103/XLXI_105/XLXI_1/XST_GND" (ZERO) removed.
Unused block "XLXI_103/XLXI_182/I_36_56" (AND) removed.
Unused block "XLXI_103/XLXI_182/I_36_58" (AND) removed.
Unused block "XLXI_103/XLXI_182/I_36_60" (AND) removed.
Unused block "XLXI_103/XLXI_182/I_36_62" (AND) removed.
Unused block "XLXI_103/XLXI_182/I_36_68" (AND) removed.
Unused block "XLXI_103/XLXI_183/I_36_68" (AND) removed.
Unused block "XLXI_103/XLXI_105/XLXI_1/I_36_64" (MUX) removed.

Optimized Block(s):
TYPE 		BLOCK
FDCE 		XLXI_103/Rd_ext/I_Q0
   optimized to 0
FDCE 		XLXI_103/Rd_ext/I_Q1
   optimized to 0
FDCE 		XLXI_103/Rd_ext/I_Q10
   optimized to 0
FDCE 		XLXI_103/Rd_ext/I_Q11
   optimized to 0
FDCE 		XLXI_103/Rd_ext/I_Q12
   optimized to 0
FDCE 		XLXI_103/Rd_ext/I_Q13
   optimized to 0
FDCE 		XLXI_103/Rd_ext/I_Q14
   optimized to 0
FDCE 		XLXI_103/Rd_ext/I_Q15
   optimized to 0
FDCE 		XLXI_103/Rd_ext/I_Q2
   optimized to 0
FDCE 		XLXI_103/Rd_ext/I_Q3
   optimized to 0
FDCE 		XLXI_103/Rd_ext/I_Q4
   optimized to 0
FDCE 		XLXI_103/Rd_ext/I_Q5
   optimized to 0
FDCE 		XLXI_103/Rd_ext/I_Q6
   optimized to 0
FDCE 		XLXI_103/Rd_ext/I_Q7
   optimized to 0
FDCE 		XLXI_103/Rd_ext/I_Q8
   optimized to 0
FDCE 		XLXI_103/Rd_ext/I_Q9
   optimized to 0
FDCE 		XLXI_103/Rdm/I_Q0
   optimized to 0
FDCE 		XLXI_103/Rdm/I_Q1
   optimized to 0
FDCE 		XLXI_103/Rdm/I_Q10
   optimized to 0
FDCE 		XLXI_103/Rdm/I_Q11
   optimized to 0
FDCE 		XLXI_103/Rdm/I_Q12
   optimized to 0
FDCE 		XLXI_103/Rdm/I_Q13
   optimized to 0
FDCE 		XLXI_103/Rdm/I_Q14
   optimized to 0
FDCE 		XLXI_103/Rdm/I_Q15
   optimized to 0
FDCE 		XLXI_103/Rdm/I_Q2
   optimized to 0
FDCE 		XLXI_103/Rdm/I_Q3
   optimized to 0
FDCE 		XLXI_103/Rdm/I_Q4
   optimized to 0
FDCE 		XLXI_103/Rdm/I_Q5
   optimized to 0
FDCE 		XLXI_103/Rdm/I_Q6
   optimized to 0
FDCE 		XLXI_103/Rdm/I_Q7
   optimized to 0
FDCE 		XLXI_103/Rdm/I_Q8
   optimized to 0
FDCE 		XLXI_103/Rdm/I_Q9
   optimized to 0
FDCE 		XLXI_103/Ri/I_Q10
   optimized to 0
FDCE 		XLXI_103/Ri/I_Q11
   optimized to 0
FDCE 		XLXI_103/Ri/I_Q12
   optimized to 0
FDCE 		XLXI_103/Ri/I_Q13
   optimized to 0
FDCE 		XLXI_103/Ri/I_Q14
   optimized to 0
FDCE 		XLXI_103/Ri/I_Q15
   optimized to 0
FDCE 		XLXI_103/Ri/I_Q7
   optimized to 0
FDCE 		XLXI_103/Ri/I_Q8
   optimized to 0
FDCE 		XLXI_103/Ri/I_Q9
   optimized to 0
FDCE 		XLXI_103/Rsw/I_Q10
   optimized to 0
FDCE 		XLXI_103/Rsw/I_Q11
   optimized to 0
FDCE 		XLXI_103/Rsw/I_Q12
   optimized to 0
FDCE 		XLXI_103/Rsw/I_Q13
   optimized to 0
FDCE 		XLXI_103/Rsw/I_Q14
   optimized to 0
FDCE 		XLXI_103/Rsw/I_Q15
   optimized to 0
FDCE 		XLXI_103/Rsw/I_Q8
   optimized to 0
FDCE 		XLXI_103/Rsw/I_Q9
   optimized to 0
GND 		XLXI_103/XLXI_100/BU2/XST_GND
VCC 		XLXI_103/XLXI_100/BU2/XST_VCC
FD 		XLXI_103/XLXI_103/source_3
   optimized to 0
LUT2 		XLXI_103/XLXI_103/source_i<3>1
LUT4 		XLXI_103/XLXI_103/source_i_cmp_eq00001
AND5B3 		XLXI_103/XLXI_183/I_36_53
AND5B2 		XLXI_103/XLXI_183/I_36_54
AND5B2 		XLXI_103/XLXI_183/I_36_55
AND5B1 		XLXI_103/XLXI_183/I_36_56
AND5B2 		XLXI_103/XLXI_183/I_36_57
AND5B1 		XLXI_103/XLXI_183/I_36_58
AND5B1 		XLXI_103/XLXI_183/I_36_59
AND5 		XLXI_103/XLXI_183/I_36_60
AND2 		XLXI_103/c10/c0/XLXI_1
AND2 		XLXI_103/c10/c1/XLXI_1
AND2 		XLXI_103/c10/c10/XLXI_1
AND2 		XLXI_103/c10/c11/XLXI_1
AND2 		XLXI_103/c10/c12/XLXI_1
AND2 		XLXI_103/c10/c13/XLXI_1
AND2 		XLXI_103/c10/c14/XLXI_1
AND2 		XLXI_103/c10/c15/XLXI_1
AND2 		XLXI_103/c10/c2/XLXI_1
AND2 		XLXI_103/c10/c3/XLXI_1
AND2 		XLXI_103/c10/c4/XLXI_1
AND2 		XLXI_103/c10/c5/XLXI_1
AND2 		XLXI_103/c10/c6/XLXI_1
AND2 		XLXI_103/c10/c7/XLXI_1
AND2 		XLXI_103/c10/c8/XLXI_1
AND2 		XLXI_103/c10/c9/XLXI_1
AND2 		XLXI_103/c11/c0/XLXI_1
AND2 		XLXI_103/c11/c1/XLXI_1
AND2 		XLXI_103/c11/c10/XLXI_1
AND2 		XLXI_103/c11/c11/XLXI_1
AND2 		XLXI_103/c11/c12/XLXI_1
AND2 		XLXI_103/c11/c13/XLXI_1
AND2 		XLXI_103/c11/c14/XLXI_1
AND2 		XLXI_103/c11/c15/XLXI_1
AND2 		XLXI_103/c11/c2/XLXI_1
AND2 		XLXI_103/c11/c3/XLXI_1
AND2 		XLXI_103/c11/c4/XLXI_1
AND2 		XLXI_103/c11/c5/XLXI_1
AND2 		XLXI_103/c11/c6/XLXI_1
AND2 		XLXI_103/c11/c7/XLXI_1
AND2 		XLXI_103/c11/c8/XLXI_1
AND2 		XLXI_103/c11/c9/XLXI_1
AND2 		XLXI_103/c12/c0/XLXI_1
AND2 		XLXI_103/c12/c1/XLXI_1
AND2 		XLXI_103/c12/c10/XLXI_1
AND2 		XLXI_103/c12/c11/XLXI_1
AND2 		XLXI_103/c12/c12/XLXI_1
AND2 		XLXI_103/c12/c13/XLXI_1
AND2 		XLXI_103/c12/c14/XLXI_1
AND2 		XLXI_103/c12/c15/XLXI_1
AND2 		XLXI_103/c12/c2/XLXI_1
AND2 		XLXI_103/c12/c3/XLXI_1
AND2 		XLXI_103/c12/c4/XLXI_1
AND2 		XLXI_103/c12/c5/XLXI_1
AND2 		XLXI_103/c12/c6/XLXI_1
AND2 		XLXI_103/c12/c7/XLXI_1
AND2 		XLXI_103/c12/c8/XLXI_1
AND2 		XLXI_103/c12/c9/XLXI_1
AND2 		XLXI_103/c13/c0/XLXI_1
AND2 		XLXI_103/c13/c1/XLXI_1
AND2 		XLXI_103/c13/c10/XLXI_1
AND2 		XLXI_103/c13/c11/XLXI_1
AND2 		XLXI_103/c13/c12/XLXI_1
AND2 		XLXI_103/c13/c13/XLXI_1
AND2 		XLXI_103/c13/c14/XLXI_1
AND2 		XLXI_103/c13/c15/XLXI_1
AND2 		XLXI_103/c13/c2/XLXI_1
AND2 		XLXI_103/c13/c3/XLXI_1
AND2 		XLXI_103/c13/c4/XLXI_1
AND2 		XLXI_103/c13/c5/XLXI_1
AND2 		XLXI_103/c13/c6/XLXI_1
AND2 		XLXI_103/c13/c7/XLXI_1
AND2 		XLXI_103/c13/c8/XLXI_1
AND2 		XLXI_103/c13/c9/XLXI_1
AND2 		XLXI_103/c14/c0/XLXI_1
AND2 		XLXI_103/c14/c1/XLXI_1
AND2 		XLXI_103/c14/c10/XLXI_1
AND2 		XLXI_103/c14/c11/XLXI_1
AND2 		XLXI_103/c14/c12/XLXI_1
AND2 		XLXI_103/c14/c13/XLXI_1
AND2 		XLXI_103/c14/c14/XLXI_1
AND2 		XLXI_103/c14/c15/XLXI_1
AND2 		XLXI_103/c14/c2/XLXI_1
AND2 		XLXI_103/c14/c3/XLXI_1
AND2 		XLXI_103/c14/c4/XLXI_1
AND2 		XLXI_103/c14/c5/XLXI_1
AND2 		XLXI_103/c14/c6/XLXI_1
AND2 		XLXI_103/c14/c7/XLXI_1
AND2 		XLXI_103/c14/c8/XLXI_1
AND2 		XLXI_103/c14/c9/XLXI_1
AND2 		XLXI_103/c6/c10/XLXI_1
AND2 		XLXI_103/c6/c11/XLXI_1
AND2 		XLXI_103/c6/c12/XLXI_1
AND2 		XLXI_103/c6/c13/XLXI_1
AND2 		XLXI_103/c6/c14/XLXI_1
AND2 		XLXI_103/c6/c15/XLXI_1
AND2 		XLXI_103/c6/c8/XLXI_1
AND2 		XLXI_103/c6/c9/XLXI_1
AND2 		XLXI_103/c7/c0/XLXI_1
AND2 		XLXI_103/c7/c1/XLXI_1
AND2 		XLXI_103/c7/c10/XLXI_1
AND2 		XLXI_103/c7/c11/XLXI_1
AND2 		XLXI_103/c7/c12/XLXI_1
AND2 		XLXI_103/c7/c13/XLXI_1
AND2 		XLXI_103/c7/c14/XLXI_1
AND2 		XLXI_103/c7/c15/XLXI_1
AND2 		XLXI_103/c7/c2/XLXI_1
AND2 		XLXI_103/c7/c3/XLXI_1
AND2 		XLXI_103/c7/c4/XLXI_1
AND2 		XLXI_103/c7/c5/XLXI_1
AND2 		XLXI_103/c7/c6/XLXI_1
AND2 		XLXI_103/c7/c7/XLXI_1
AND2 		XLXI_103/c7/c8/XLXI_1
AND2 		XLXI_103/c7/c9/XLXI_1
AND2 		XLXI_103/c8/c0/XLXI_1
AND2 		XLXI_103/c8/c1/XLXI_1
AND2 		XLXI_103/c8/c10/XLXI_1
AND2 		XLXI_103/c8/c11/XLXI_1
AND2 		XLXI_103/c8/c12/XLXI_1
AND2 		XLXI_103/c8/c13/XLXI_1
AND2 		XLXI_103/c8/c14/XLXI_1
AND2 		XLXI_103/c8/c15/XLXI_1
AND2 		XLXI_103/c8/c2/XLXI_1
AND2 		XLXI_103/c8/c3/XLXI_1
AND2 		XLXI_103/c8/c4/XLXI_1
AND2 		XLXI_103/c8/c5/XLXI_1
AND2 		XLXI_103/c8/c6/XLXI_1
AND2 		XLXI_103/c8/c7/XLXI_1
AND2 		XLXI_103/c8/c8/XLXI_1
AND2 		XLXI_103/c8/c9/XLXI_1
AND2 		XLXI_103/c9/c0/XLXI_1
AND2 		XLXI_103/c9/c1/XLXI_1
AND2 		XLXI_103/c9/c10/XLXI_1
AND2 		XLXI_103/c9/c11/XLXI_1
AND2 		XLXI_103/c9/c12/XLXI_1
AND2 		XLXI_103/c9/c13/XLXI_1
AND2 		XLXI_103/c9/c14/XLXI_1
AND2 		XLXI_103/c9/c15/XLXI_1
AND2 		XLXI_103/c9/c2/XLXI_1
AND2 		XLXI_103/c9/c3/XLXI_1
AND2 		XLXI_103/c9/c4/XLXI_1
AND2 		XLXI_103/c9/c5/XLXI_1
AND2 		XLXI_103/c9/c6/XLXI_1
AND2 		XLXI_103/c9/c7/XLXI_1
AND2 		XLXI_103/c9/c8/XLXI_1
AND2 		XLXI_103/c9/c9/XLXI_1
AND3 		XLXI_96/XLXI_2/XLXI_1/I_M23/I_36_30
AND3B1 		XLXI_96/XLXI_2/XLXI_2/I_M23/I_36_31
AND3 		XLXI_96/XLXI_2/XLXI_3/I_M01/I_36_30
AND3B1 		XLXI_96/XLXI_2/XLXI_4/I_M01/I_36_31
VCC 		XLXI_96/XLXI_3/XLXI_9
GND 		XST_GND
OR2 		XLXI_96/XLXI_2/XLXI_1/I_M01/I_36_38
OR2 		XLXI_96/XLXI_2/XLXI_2/I_M01/I_36_38
OR2 		XLXI_96/XLXI_2/XLXI_3/I_M23/I_36_38
OR2 		XLXI_96/XLXI_2/XLXI_4/I_M23/I_36_38

To enable printing of redundant blocks removed and signals merged, set the
detailed map report option and rerun map.

Section 6 - IOB Properties
--------------------------

+---------------------------------------------------------------------------------------------------------------------------------------------------------+
| IOB Name                           | Type             | Direction | IO Standard          | Diff  | Drive    | Slew | Reg (s)      | Resistor | IOB      |
|                                    |                  |           |                      | Term  | Strength | Rate |              |          | Delay    |
+---------------------------------------------------------------------------------------------------------------------------------------------------------+
| anodes<0>                          | IOB              | OUTPUT    | LVCMOS25             |       | 12       | SLOW |              |          | 0 / 0    |
| anodes<1>                          | IOB              | OUTPUT    | LVCMOS25             |       | 12       | SLOW |              |          | 0 / 0    |
| anodes<2>                          | IOB              | OUTPUT    | LVCMOS25             |       | 12       | SLOW |              |          | 0 / 0    |
| anodes<3>                          | IOB              | OUTPUT    | LVCMOS25             |       | 12       | SLOW |              |          | 0 / 0    |
| clk                                | IBUF             | INPUT     | LVCMOS25             |       |          |      |              |          | 0 / 0    |
| led<0>                             | IOB              | OUTPUT    | LVCMOS25             |       | 12       | SLOW |              |          | 0 / 0    |
| led<1>                             | IOB              | OUTPUT    | LVCMOS25             |       | 12       | SLOW |              |          | 0 / 0    |
| led<2>                             | IOB              | OUTPUT    | LVCMOS25             |       | 12       | SLOW |              |          | 0 / 0    |
| led<3>                             | IOB              | OUTPUT    | LVCMOS25             |       | 12       | SLOW |              |          | 0 / 0    |
| led<4>                             | IOB              | OUTPUT    | LVCMOS25             |       | 12       | SLOW |              |          | 0 / 0    |
| led<5>                             | IOB              | OUTPUT    | LVCMOS25             |       | 12       | SLOW |              |          | 0 / 0    |
| led<6>                             | IOB              | OUTPUT    | LVCMOS25             |       | 12       | SLOW |              |          | 0 / 0    |
| led<7>                             | IOB              | OUTPUT    | LVCMOS25             |       | 12       | SLOW |              |          | 0 / 0    |
| sevenseg<0>                        | IOB              | OUTPUT    | LVCMOS25             |       | 12       | SLOW |              |          | 0 / 0    |
| sevenseg<1>                        | IOB              | OUTPUT    | LVCMOS25             |       | 12       | SLOW |              |          | 0 / 0    |
| sevenseg<2>                        | IOB              | OUTPUT    | LVCMOS25             |       | 12       | SLOW |              |          | 0 / 0    |
| sevenseg<3>                        | IOB              | OUTPUT    | LVCMOS25             |       | 12       | SLOW |              |          | 0 / 0    |
| sevenseg<4>                        | IOB              | OUTPUT    | LVCMOS25             |       | 12       | SLOW |              |          | 0 / 0    |
| sevenseg<5>                        | IOB              | OUTPUT    | LVCMOS25             |       | 12       | SLOW |              |          | 0 / 0    |
| sevenseg<6>                        | IOB              | OUTPUT    | LVCMOS25             |       | 12       | SLOW |              |          | 0 / 0    |
| switches<0>                        | IBUF             | INPUT     | LVCMOS25             |       |          |      |              |          | 0 / 0    |
| switches<1>                        | IBUF             | INPUT     | LVCMOS25             |       |          |      |              |          | 0 / 0    |
| switches<2>                        | IBUF             | INPUT     | LVCMOS25             |       |          |      |              |          | 0 / 0    |
| switches<3>                        | IBUF             | INPUT     | LVCMOS25             |       |          |      |              |          | 0 / 0    |
| switches<4>                        | IBUF             | INPUT     | LVCMOS25             |       |          |      |              |          | 0 / 0    |
| switches<5>                        | IBUF             | INPUT     | LVCMOS25             |       |          |      |              |          | 0 / 0    |
| switches<6>                        | IBUF             | INPUT     | LVCMOS25             |       |          |      |              |          | 0 / 0    |
| switches<7>                        | IBUF             | INPUT     | LVCMOS25             |       |          |      |              |          | 0 / 0    |
+---------------------------------------------------------------------------------------------------------------------------------------------------------+

Section 7 - RPMs
----------------
XLXI_103_XLXI_105_XLXI_1_0              

Section 8 - Guide Report
------------------------
Guide not run on this design.

Section 9 - Area Group and Partition Summary
--------------------------------------------

Partition Implementation Status
-------------------------------

  No Partitions were found in this design.

-------------------------------

Area Group Information
----------------------

  No area groups were found in this design.

----------------------

Section 10 - Timing Report
--------------------------
This design was not run using timing mode.

Section 11 - Configuration String Details
-----------------------------------------
Use the "-detail" map option to print out Configuration Strings

Section 12 - Control Set Information
------------------------------------
No control set information for this architecture.

Section 13 - Utilization by Hierarchy
-------------------------------------
Use the "-detail" map option to print out the Utilization by Hierarchy section.
