Running: /opt/Xilinx/12.4/ISE_DS/ISE/bin/lin64/unwrapped/fuse -intstyle ise -incremental -o /home/l2/philippot/TP1/toplevel_isim_beh.exe -prj /home/l2/philippot/TP1/toplevel_beh.prj work.toplevel 
ISim M.81d (signature 0x9ca8bed6)
Number of CPUs detected in this system: 4
Turning on mult-threading, number of parallel sub-compilation jobs: 8 
Determining compilation order of HDL files
Parsing VHDL file "/home/l2/philippot/TP1/TP22.vhf" into library work
Parsing VHDL file "/home/l2/philippot/TP1/TP21.vhf" into library work
Parsing VHDL file "/home/l2/philippot/TP1/toplevel.vhf" into library work
Starting static elaboration
Completed static elaboration
Fuse Memory Usage: 83864 KB
Fuse CPU Usage: 130 ms
Using precompiled package standard from library std
Using precompiled package std_logic_1164 from library ieee
Using precompiled package numeric_std from library ieee
Compiling package vcomponents
Compiling architecture nand2_v of entity nand2 [nand2_default]
Compiling architecture inv_v of entity inv [inv_default]
Compiling architecture behavioral of entity tp21_muser_toplevel [tp21_muser_toplevel_default]
Compiling architecture nor2_v of entity nor2 [nor2_default]
Compiling architecture behavioral of entity tp22_muser_toplevel [tp22_muser_toplevel_default]
Compiling architecture behavioral of entity toplevel
Time Resolution for simulation is 1ps.
Waiting for 1 sub-compilation(s) to finish...
Compiled 15 VHDL Units
Built simulation executable /home/l2/philippot/TP1/toplevel_isim_beh.exe
Fuse Memory Usage: 648228 KB
Fuse CPU Usage: 160 ms
GCC CPU Usage: 220 ms
