Release 12.4 - xst M.81d (lin64)
Copyright (c) 1995-2010 Xilinx, Inc.  All rights reserved.
--> 
Parameter TMPDIR set to xst/projnav.tmp


Total REAL time to Xst completion: 0.00 secs
Total CPU time to Xst completion: 0.02 secs
 
--> 
Parameter xsthdpdir set to xst


Total REAL time to Xst completion: 0.00 secs
Total CPU time to Xst completion: 0.02 secs
 
--> 
Reading design: toplevel.prj

TABLE OF CONTENTS
  1) Synthesis Options Summary
  2) HDL Compilation
  3) Design Hierarchy Analysis
  4) HDL Analysis
  5) HDL Synthesis
     5.1) HDL Synthesis Report
  6) Advanced HDL Synthesis
     6.1) Advanced HDL Synthesis Report
  7) Low Level Synthesis
  8) Partition Report
  9) Final Report
	9.1) Device utilization summary
	9.2) Partition Resource Summary
	9.3) TIMING REPORT


=========================================================================
*                      Synthesis Options Summary                        *
=========================================================================
---- Source Parameters
Input File Name                    : "toplevel.prj"
Input Format                       : mixed
Ignore Synthesis Constraint File   : NO

---- Target Parameters
Output File Name                   : "toplevel"
Output Format                      : NGC
Target Device                      : xc3s1200e-4-fg320

---- Source Options
Top Module Name                    : toplevel
Automatic FSM Extraction           : YES
FSM Encoding Algorithm             : Auto
Safe Implementation                : No
FSM Style                          : LUT
RAM Extraction                     : Yes
RAM Style                          : Auto
ROM Extraction                     : Yes
Mux Style                          : Auto
Decoder Extraction                 : YES
Priority Encoder Extraction        : Yes
Shift Register Extraction          : YES
Logical Shifter Extraction         : YES
XOR Collapsing                     : YES
ROM Style                          : Auto
Mux Extraction                     : Yes
Resource Sharing                   : YES
Asynchronous To Synchronous        : NO
Multiplier Style                   : Auto
Automatic Register Balancing       : No

---- Target Options
Add IO Buffers                     : YES
Global Maximum Fanout              : 500
Add Generic Clock Buffer(BUFG)     : 24
Register Duplication               : YES
Slice Packing                      : YES
Optimize Instantiated Primitives   : NO
Use Clock Enable                   : Yes
Use Synchronous Set                : Yes
Use Synchronous Reset              : Yes
Pack IO Registers into IOBs        : Auto
Equivalent register Removal        : YES

---- General Options
Optimization Goal                  : Speed
Optimization Effort                : 1
Keep Hierarchy                     : No
Netlist Hierarchy                  : As_Optimized
RTL Output                         : Yes
Global Optimization                : AllClockNets
Read Cores                         : YES
Write Timing Constraints           : NO
Cross Clock Analysis               : NO
Hierarchy Separator                : /
Bus Delimiter                      : <>
Case Specifier                     : Maintain
Slice Utilization Ratio            : 100
BRAM Utilization Ratio             : 100
Verilog 2001                       : YES
Auto BRAM Packing                  : NO
Slice Utilization Ratio Delta      : 5

---- Other Options
Cores Search Directories           : {"ipcore_dir"  }

=========================================================================


=========================================================================
*                          HDL Compilation                              *
=========================================================================
Compiling vhdl file "/home/l2/philippot/TP8/ipcore_dir/insmem.vhd" in Library work.
Entity <insmem> compiled.
Entity <insmem> (Architecture <insmem_a>) compiled.
Compiling vhdl file "/home/l2/philippot/TP8/fsm.vhd" in Library work.
Entity <fsm> compiled.
Entity <fsm> (Architecture <Behavioral>) compiled.
Compiling vhdl file "/home/l2/philippot/TP8/x7seg.vhd" in Library work.
Entity <x7seg> compiled.
Entity <x7seg> (Architecture <Behavioral>) compiled.
Compiling vhdl file "/home/l2/philippot/TP8/toplevel.vhf" in Library work.
Entity <ADD16_MXILINX_toplevel> compiled.
Entity <ADD16_MXILINX_toplevel> (Architecture <BEHAVIORAL>) compiled.
Entity <inc_MUSER_toplevel> compiled.
Entity <inc_MUSER_toplevel> (Architecture <BEHAVIORAL>) compiled.
Entity <M2_1_MXILINX_toplevel> compiled.
Entity <M2_1_MXILINX_toplevel> (Architecture <BEHAVIORAL>) compiled.
Entity <mux2x16_MUSER_toplevel> compiled.
Entity <mux2x16_MUSER_toplevel> (Architecture <BEHAVIORAL>) compiled.
Entity <connecteur_MUSER_toplevel> compiled.
Entity <connecteur_MUSER_toplevel> (Architecture <BEHAVIORAL>) compiled.
Entity <connecteur16_MUSER_toplevel> compiled.
Entity <connecteur16_MUSER_toplevel> (Architecture <BEHAVIORAL>) compiled.
Entity <FD16CE_MXILINX_toplevel> compiled.
Entity <FD16CE_MXILINX_toplevel> (Architecture <BEHAVIORAL>) compiled.
Entity <S3_MUSER_toplevel> compiled.
Entity <S3_MUSER_toplevel> (Architecture <BEHAVIORAL>) compiled.
Entity <IBUF8_MXILINX_toplevel> compiled.
Entity <IBUF8_MXILINX_toplevel> (Architecture <BEHAVIORAL>) compiled.
Entity <OBUF8_MXILINX_toplevel> compiled.
Entity <OBUF8_MXILINX_toplevel> (Architecture <BEHAVIORAL>) compiled.
Entity <clkdiv_MUSER_toplevel> compiled.
Entity <clkdiv_MUSER_toplevel> (Architecture <BEHAVIORAL>) compiled.
Entity <M2_1E_MXILINX_toplevel> compiled.
Entity <M2_1E_MXILINX_toplevel> (Architecture <BEHAVIORAL>) compiled.
Entity <M4_1E_MXILINX_toplevel> compiled.
Entity <M4_1E_MXILINX_toplevel> (Architecture <BEHAVIORAL>) compiled.
Entity <Mux4x4_MUSER_toplevel> compiled.
Entity <Mux4x4_MUSER_toplevel> (Architecture <BEHAVIORAL>) compiled.
Entity <compteur4_MUSER_toplevel> compiled.
Entity <compteur4_MUSER_toplevel> (Architecture <BEHAVIORAL>) compiled.
Entity <afficheur16_MUSER_toplevel> compiled.
Entity <afficheur16_MUSER_toplevel> (Architecture <BEHAVIORAL>) compiled.
Entity <toplevel> compiled.
Entity <toplevel> (Architecture <BEHAVIORAL>) compiled.
Compiling vhdl file "/home/l2/philippot/TP8/afficheur16.vhf" in Library work.
Entity <M2_1E_MXILINX_afficheur16> compiled.
Entity <M2_1E_MXILINX_afficheur16> (Architecture <BEHAVIORAL>) compiled.
Entity <M4_1E_MXILINX_afficheur16> compiled.
Entity <M4_1E_MXILINX_afficheur16> (Architecture <BEHAVIORAL>) compiled.
Entity <Mux4x4_MUSER_afficheur16> compiled.
Entity <Mux4x4_MUSER_afficheur16> (Architecture <BEHAVIORAL>) compiled.
Entity <compteur4_MUSER_afficheur16> compiled.
Entity <compteur4_MUSER_afficheur16> (Architecture <BEHAVIORAL>) compiled.
Entity <afficheur16> compiled.
Entity <afficheur16> (Architecture <BEHAVIORAL>) compiled.
Compiling vhdl file "/home/l2/philippot/TP8/clkdiv.vhf" in Library work.
Entity <clkdiv> compiled.
Entity <clkdiv> (Architecture <BEHAVIORAL>) compiled.
Compiling vhdl file "/home/l2/philippot/TP8/S3.vhf" in Library work.
Entity <ADD16_MXILINX_S3> compiled.
Entity <ADD16_MXILINX_S3> (Architecture <BEHAVIORAL>) compiled.
Entity <inc_MUSER_S3> compiled.
Entity <inc_MUSER_S3> (Architecture <BEHAVIORAL>) compiled.
Entity <M2_1_MXILINX_S3> compiled.
Entity <M2_1_MXILINX_S3> (Architecture <BEHAVIORAL>) compiled.
Entity <mux2x16_MUSER_S3> compiled.
Entity <mux2x16_MUSER_S3> (Architecture <BEHAVIORAL>) compiled.
Entity <connecteur_MUSER_S3> compiled.
Entity <connecteur_MUSER_S3> (Architecture <BEHAVIORAL>) compiled.
Entity <connecteur16_MUSER_S3> compiled.
Entity <connecteur16_MUSER_S3> (Architecture <BEHAVIORAL>) compiled.
Entity <FD16CE_MXILINX_S3> compiled.
Entity <FD16CE_MXILINX_S3> (Architecture <BEHAVIORAL>) compiled.
Entity <S3> compiled.
Entity <S3> (Architecture <BEHAVIORAL>) compiled.
Compiling vhdl file "/home/l2/philippot/TP8/compteur4.vhf" in Library work.
Entity <compteur4> compiled.
Entity <compteur4> (Architecture <BEHAVIORAL>) compiled.
Compiling vhdl file "/home/l2/philippot/TP8/connecteur16.vhf" in Library work.
Entity <connecteur_MUSER_connecteur16> compiled.
Entity <connecteur_MUSER_connecteur16> (Architecture <BEHAVIORAL>) compiled.
Entity <connecteur16> compiled.
Entity <connecteur16> (Architecture <BEHAVIORAL>) compiled.
Compiling vhdl file "/home/l2/philippot/TP8/inc.vhf" in Library work.
Entity <ADD16_MXILINX_inc> compiled.
Entity <ADD16_MXILINX_inc> (Architecture <BEHAVIORAL>) compiled.
Entity <inc> compiled.
Entity <inc> (Architecture <BEHAVIORAL>) compiled.
Compiling vhdl file "/home/l2/philippot/TP8/mux2x16.vhf" in Library work.
Entity <M2_1_MXILINX_mux2x16> compiled.
Entity <M2_1_MXILINX_mux2x16> (Architecture <BEHAVIORAL>) compiled.
Entity <mux2x16> compiled.
Entity <mux2x16> (Architecture <BEHAVIORAL>) compiled.
Compiling vhdl file "/home/l2/philippot/TP8/Mux4x4.vhf" in Library work.
Entity <M2_1E_MXILINX_Mux4x4> compiled.
Entity <M2_1E_MXILINX_Mux4x4> (Architecture <BEHAVIORAL>) compiled.
Entity <M4_1E_MXILINX_Mux4x4> compiled.
Entity <M4_1E_MXILINX_Mux4x4> (Architecture <BEHAVIORAL>) compiled.
Entity <Mux4x4> compiled.
Entity <Mux4x4> (Architecture <BEHAVIORAL>) compiled.
Compiling vhdl file "/home/l2/philippot/TP8/connecteur.vhf" in Library work.
Entity <connecteur> compiled.
Entity <connecteur> (Architecture <BEHAVIORAL>) compiled.

=========================================================================
*                     Design Hierarchy Analysis                         *
=========================================================================
Analyzing hierarchy for entity <toplevel> in library <work> (architecture <BEHAVIORAL>).

Analyzing hierarchy for entity <afficheur16_MUSER_toplevel> in library <work> (architecture <BEHAVIORAL>).

Analyzing hierarchy for entity <clkdiv_MUSER_toplevel> in library <work> (architecture <BEHAVIORAL>).

Analyzing hierarchy for entity <OBUF8_MXILINX_toplevel> in library <work> (architecture <BEHAVIORAL>).

Analyzing hierarchy for entity <IBUF8_MXILINX_toplevel> in library <work> (architecture <BEHAVIORAL>).

Analyzing hierarchy for entity <S3_MUSER_toplevel> in library <work> (architecture <BEHAVIORAL>).

Analyzing hierarchy for entity <compteur4_MUSER_toplevel> in library <work> (architecture <BEHAVIORAL>).

Analyzing hierarchy for entity <Mux4x4_MUSER_toplevel> in library <work> (architecture <BEHAVIORAL>).

Analyzing hierarchy for entity <x7seg> in library <work> (architecture <Behavioral>).

Analyzing hierarchy for entity <FD16CE_MXILINX_toplevel> in library <work> (architecture <BEHAVIORAL>).

Analyzing hierarchy for entity <connecteur16_MUSER_toplevel> in library <work> (architecture <BEHAVIORAL>).

Analyzing hierarchy for entity <mux2x16_MUSER_toplevel> in library <work> (architecture <BEHAVIORAL>).

Analyzing hierarchy for entity <fsm> in library <work> (architecture <Behavioral>).

Analyzing hierarchy for entity <inc_MUSER_toplevel> in library <work> (architecture <BEHAVIORAL>).

Analyzing hierarchy for entity <M4_1E_MXILINX_toplevel> in library <work> (architecture <BEHAVIORAL>).

Analyzing hierarchy for entity <connecteur_MUSER_toplevel> in library <work> (architecture <BEHAVIORAL>).

Analyzing hierarchy for entity <M2_1_MXILINX_toplevel> in library <work> (architecture <BEHAVIORAL>).

Analyzing hierarchy for entity <ADD16_MXILINX_toplevel> in library <work> (architecture <BEHAVIORAL>).

Analyzing hierarchy for entity <M2_1E_MXILINX_toplevel> in library <work> (architecture <BEHAVIORAL>).


=========================================================================
*                            HDL Analysis                               *
=========================================================================
Analyzing Entity <toplevel> in library <work> (Architecture <BEHAVIORAL>).
WARNING:Xst:753 - "/home/l2/philippot/TP8/toplevel.vhf" line 2384: Unconnected output port 'clksec' of component 'clkdiv_MUSER_toplevel'.
    Set user-defined property "HU_SET =  XLXI_99_61" for instance <XLXI_99> in unit <toplevel>.
    Set user-defined property "HU_SET =  XLXI_100_62" for instance <XLXI_100> in unit <toplevel>.
Entity <toplevel> analyzed. Unit <toplevel> generated.

Analyzing Entity <afficheur16_MUSER_toplevel> in library <work> (Architecture <BEHAVIORAL>).
WARNING:Xst:753 - "/home/l2/philippot/TP8/toplevel.vhf" line 2307: Unconnected output port 'anodes' of component 'x7seg'.
Entity <afficheur16_MUSER_toplevel> analyzed. Unit <afficheur16_MUSER_toplevel> generated.

Analyzing Entity <compteur4_MUSER_toplevel> in library <work> (Architecture <BEHAVIORAL>).
    Set user-defined property "INIT =  0" for instance <BasculeD_0> in unit <compteur4_MUSER_toplevel>.
    Set user-defined property "INIT =  0" for instance <BasculeD_1> in unit <compteur4_MUSER_toplevel>.
Entity <compteur4_MUSER_toplevel> analyzed. Unit <compteur4_MUSER_toplevel> generated.

Analyzing Entity <Mux4x4_MUSER_toplevel> in library <work> (Architecture <BEHAVIORAL>).
    Set user-defined property "HU_SET =  XLXI_1_57" for instance <XLXI_1> in unit <Mux4x4_MUSER_toplevel>.
    Set user-defined property "HU_SET =  XLXI_2_58" for instance <XLXI_2> in unit <Mux4x4_MUSER_toplevel>.
    Set user-defined property "HU_SET =  XLXI_3_59" for instance <XLXI_3> in unit <Mux4x4_MUSER_toplevel>.
    Set user-defined property "HU_SET =  XLXI_4_60" for instance <XLXI_4> in unit <Mux4x4_MUSER_toplevel>.
Entity <Mux4x4_MUSER_toplevel> analyzed. Unit <Mux4x4_MUSER_toplevel> generated.

Analyzing Entity <M4_1E_MXILINX_toplevel> in library <work> (Architecture <BEHAVIORAL>).
    Set user-defined property "HU_SET =  I_M01_56" for instance <I_M01> in unit <M4_1E_MXILINX_toplevel>.
    Set user-defined property "HU_SET =  I_M23_55" for instance <I_M23> in unit <M4_1E_MXILINX_toplevel>.
Entity <M4_1E_MXILINX_toplevel> analyzed. Unit <M4_1E_MXILINX_toplevel> generated.

Analyzing Entity <M2_1E_MXILINX_toplevel> in library <work> (Architecture <BEHAVIORAL>).
Entity <M2_1E_MXILINX_toplevel> analyzed. Unit <M2_1E_MXILINX_toplevel> generated.

Analyzing Entity <x7seg> in library <work> (Architecture <Behavioral>).
Entity <x7seg> analyzed. Unit <x7seg> generated.

Analyzing Entity <clkdiv_MUSER_toplevel> in library <work> (Architecture <BEHAVIORAL>).
    Set user-defined property "INIT =  0" for instance <XLXI_1> in unit <clkdiv_MUSER_toplevel>.
    Set user-defined property "INIT =  0" for instance <XLXI_3> in unit <clkdiv_MUSER_toplevel>.
    Set user-defined property "INIT =  0" for instance <XLXI_7> in unit <clkdiv_MUSER_toplevel>.
    Set user-defined property "INIT =  0" for instance <XLXI_9> in unit <clkdiv_MUSER_toplevel>.
    Set user-defined property "INIT =  0" for instance <XLXI_15> in unit <clkdiv_MUSER_toplevel>.
    Set user-defined property "INIT =  0" for instance <XLXI_17> in unit <clkdiv_MUSER_toplevel>.
    Set user-defined property "INIT =  0" for instance <XLXI_19> in unit <clkdiv_MUSER_toplevel>.
    Set user-defined property "INIT =  0" for instance <XLXI_78> in unit <clkdiv_MUSER_toplevel>.
    Set user-defined property "INIT =  0" for instance <XLXI_80> in unit <clkdiv_MUSER_toplevel>.
    Set user-defined property "INIT =  0" for instance <XLXI_82> in unit <clkdiv_MUSER_toplevel>.
    Set user-defined property "INIT =  0" for instance <XLXI_84> in unit <clkdiv_MUSER_toplevel>.
    Set user-defined property "INIT =  0" for instance <XLXI_86> in unit <clkdiv_MUSER_toplevel>.
    Set user-defined property "INIT =  0" for instance <XLXI_87> in unit <clkdiv_MUSER_toplevel>.
    Set user-defined property "INIT =  0" for instance <XLXI_90> in unit <clkdiv_MUSER_toplevel>.
    Set user-defined property "INIT =  0" for instance <XLXI_92> in unit <clkdiv_MUSER_toplevel>.
    Set user-defined property "INIT =  0" for instance <XLXI_94> in unit <clkdiv_MUSER_toplevel>.
    Set user-defined property "INIT =  0" for instance <XLXI_96> in unit <clkdiv_MUSER_toplevel>.
    Set user-defined property "INIT =  0" for instance <XLXI_98> in unit <clkdiv_MUSER_toplevel>.
    Set user-defined property "INIT =  0" for instance <XLXI_100> in unit <clkdiv_MUSER_toplevel>.
    Set user-defined property "INIT =  0" for instance <XLXI_101> in unit <clkdiv_MUSER_toplevel>.
    Set user-defined property "INIT =  0" for instance <XLXI_104> in unit <clkdiv_MUSER_toplevel>.
    Set user-defined property "INIT =  0" for instance <XLXI_106> in unit <clkdiv_MUSER_toplevel>.
    Set user-defined property "INIT =  0" for instance <XLXI_108> in unit <clkdiv_MUSER_toplevel>.
    Set user-defined property "INIT =  0" for instance <XLXI_110> in unit <clkdiv_MUSER_toplevel>.
    Set user-defined property "INIT =  0" for instance <XLXI_112> in unit <clkdiv_MUSER_toplevel>.
    Set user-defined property "INIT =  0" for instance <XLXI_118> in unit <clkdiv_MUSER_toplevel>.
Entity <clkdiv_MUSER_toplevel> analyzed. Unit <clkdiv_MUSER_toplevel> generated.

Analyzing Entity <OBUF8_MXILINX_toplevel> in library <work> (Architecture <BEHAVIORAL>).
    Set user-defined property "DRIVE =  12" for instance <I_36_30> in unit <OBUF8_MXILINX_toplevel>.
    Set user-defined property "IOSTANDARD =  DEFAULT" for instance <I_36_30> in unit <OBUF8_MXILINX_toplevel>.
    Set user-defined property "SLEW =  SLOW" for instance <I_36_30> in unit <OBUF8_MXILINX_toplevel>.
    Set user-defined property "DRIVE =  12" for instance <I_36_31> in unit <OBUF8_MXILINX_toplevel>.
    Set user-defined property "IOSTANDARD =  DEFAULT" for instance <I_36_31> in unit <OBUF8_MXILINX_toplevel>.
    Set user-defined property "SLEW =  SLOW" for instance <I_36_31> in unit <OBUF8_MXILINX_toplevel>.
    Set user-defined property "DRIVE =  12" for instance <I_36_32> in unit <OBUF8_MXILINX_toplevel>.
    Set user-defined property "IOSTANDARD =  DEFAULT" for instance <I_36_32> in unit <OBUF8_MXILINX_toplevel>.
    Set user-defined property "SLEW =  SLOW" for instance <I_36_32> in unit <OBUF8_MXILINX_toplevel>.
    Set user-defined property "DRIVE =  12" for instance <I_36_33> in unit <OBUF8_MXILINX_toplevel>.
    Set user-defined property "IOSTANDARD =  DEFAULT" for instance <I_36_33> in unit <OBUF8_MXILINX_toplevel>.
    Set user-defined property "SLEW =  SLOW" for instance <I_36_33> in unit <OBUF8_MXILINX_toplevel>.
    Set user-defined property "DRIVE =  12" for instance <I_36_34> in unit <OBUF8_MXILINX_toplevel>.
    Set user-defined property "IOSTANDARD =  DEFAULT" for instance <I_36_34> in unit <OBUF8_MXILINX_toplevel>.
    Set user-defined property "SLEW =  SLOW" for instance <I_36_34> in unit <OBUF8_MXILINX_toplevel>.
    Set user-defined property "DRIVE =  12" for instance <I_36_35> in unit <OBUF8_MXILINX_toplevel>.
    Set user-defined property "IOSTANDARD =  DEFAULT" for instance <I_36_35> in unit <OBUF8_MXILINX_toplevel>.
    Set user-defined property "SLEW =  SLOW" for instance <I_36_35> in unit <OBUF8_MXILINX_toplevel>.
    Set user-defined property "DRIVE =  12" for instance <I_36_36> in unit <OBUF8_MXILINX_toplevel>.
    Set user-defined property "IOSTANDARD =  DEFAULT" for instance <I_36_36> in unit <OBUF8_MXILINX_toplevel>.
    Set user-defined property "SLEW =  SLOW" for instance <I_36_36> in unit <OBUF8_MXILINX_toplevel>.
    Set user-defined property "DRIVE =  12" for instance <I_36_37> in unit <OBUF8_MXILINX_toplevel>.
    Set user-defined property "IOSTANDARD =  DEFAULT" for instance <I_36_37> in unit <OBUF8_MXILINX_toplevel>.
    Set user-defined property "SLEW =  SLOW" for instance <I_36_37> in unit <OBUF8_MXILINX_toplevel>.
Entity <OBUF8_MXILINX_toplevel> analyzed. Unit <OBUF8_MXILINX_toplevel> generated.

Analyzing Entity <IBUF8_MXILINX_toplevel> in library <work> (Architecture <BEHAVIORAL>).
    Set user-defined property "IBUF_DELAY_VALUE =  0" for instance <I_36_30> in unit <IBUF8_MXILINX_toplevel>.
    Set user-defined property "IFD_DELAY_VALUE =  AUTO" for instance <I_36_30> in unit <IBUF8_MXILINX_toplevel>.
    Set user-defined property "IOSTANDARD =  DEFAULT" for instance <I_36_30> in unit <IBUF8_MXILINX_toplevel>.
    Set user-defined property "IBUF_DELAY_VALUE =  0" for instance <I_36_31> in unit <IBUF8_MXILINX_toplevel>.
    Set user-defined property "IFD_DELAY_VALUE =  AUTO" for instance <I_36_31> in unit <IBUF8_MXILINX_toplevel>.
    Set user-defined property "IOSTANDARD =  DEFAULT" for instance <I_36_31> in unit <IBUF8_MXILINX_toplevel>.
    Set user-defined property "IBUF_DELAY_VALUE =  0" for instance <I_36_32> in unit <IBUF8_MXILINX_toplevel>.
    Set user-defined property "IFD_DELAY_VALUE =  AUTO" for instance <I_36_32> in unit <IBUF8_MXILINX_toplevel>.
    Set user-defined property "IOSTANDARD =  DEFAULT" for instance <I_36_32> in unit <IBUF8_MXILINX_toplevel>.
    Set user-defined property "IBUF_DELAY_VALUE =  0" for instance <I_36_33> in unit <IBUF8_MXILINX_toplevel>.
    Set user-defined property "IFD_DELAY_VALUE =  AUTO" for instance <I_36_33> in unit <IBUF8_MXILINX_toplevel>.
    Set user-defined property "IOSTANDARD =  DEFAULT" for instance <I_36_33> in unit <IBUF8_MXILINX_toplevel>.
    Set user-defined property "IBUF_DELAY_VALUE =  0" for instance <I_36_34> in unit <IBUF8_MXILINX_toplevel>.
    Set user-defined property "IFD_DELAY_VALUE =  AUTO" for instance <I_36_34> in unit <IBUF8_MXILINX_toplevel>.
    Set user-defined property "IOSTANDARD =  DEFAULT" for instance <I_36_34> in unit <IBUF8_MXILINX_toplevel>.
    Set user-defined property "IBUF_DELAY_VALUE =  0" for instance <I_36_35> in unit <IBUF8_MXILINX_toplevel>.
    Set user-defined property "IFD_DELAY_VALUE =  AUTO" for instance <I_36_35> in unit <IBUF8_MXILINX_toplevel>.
    Set user-defined property "IOSTANDARD =  DEFAULT" for instance <I_36_35> in unit <IBUF8_MXILINX_toplevel>.
    Set user-defined property "IBUF_DELAY_VALUE =  0" for instance <I_36_36> in unit <IBUF8_MXILINX_toplevel>.
    Set user-defined property "IFD_DELAY_VALUE =  AUTO" for instance <I_36_36> in unit <IBUF8_MXILINX_toplevel>.
    Set user-defined property "IOSTANDARD =  DEFAULT" for instance <I_36_36> in unit <IBUF8_MXILINX_toplevel>.
    Set user-defined property "IBUF_DELAY_VALUE =  0" for instance <I_36_37> in unit <IBUF8_MXILINX_toplevel>.
    Set user-defined property "IFD_DELAY_VALUE =  AUTO" for instance <I_36_37> in unit <IBUF8_MXILINX_toplevel>.
    Set user-defined property "IOSTANDARD =  DEFAULT" for instance <I_36_37> in unit <IBUF8_MXILINX_toplevel>.
Entity <IBUF8_MXILINX_toplevel> analyzed. Unit <IBUF8_MXILINX_toplevel> generated.

Analyzing Entity <S3_MUSER_toplevel> in library <work> (Architecture <BEHAVIORAL>).
    Set user-defined property "HU_SET =  CO_53" for instance <CO> in unit <S3_MUSER_toplevel>.
    Set user-defined property "HU_SET =  Ram_51" for instance <Ram> in unit <S3_MUSER_toplevel>.
    Set user-defined property "HU_SET =  Rdm_52" for instance <Rdm> in unit <S3_MUSER_toplevel>.
    Set user-defined property "HU_SET =  Rd_ext_50" for instance <Rd_ext> in unit <S3_MUSER_toplevel>.
    Set user-defined property "HU_SET =  Ri_54" for instance <Ri> in unit <S3_MUSER_toplevel>.
    Set user-defined property "HU_SET =  Rled_45" for instance <Rled> in unit <S3_MUSER_toplevel>.
    Set user-defined property "HU_SET =  Rsrc1_48" for instance <Rsrc1> in unit <S3_MUSER_toplevel>.
    Set user-defined property "HU_SET =  Rsrc2_49" for instance <Rsrc2> in unit <S3_MUSER_toplevel>.
    Set user-defined property "HU_SET =  Rsw_46" for instance <Rsw> in unit <S3_MUSER_toplevel>.
    Set user-defined property "HU_SET =  R1_40" for instance <R1> in unit <S3_MUSER_toplevel>.
    Set user-defined property "HU_SET =  R2_41" for instance <R2> in unit <S3_MUSER_toplevel>.
    Set user-defined property "HU_SET =  R3_42" for instance <R3> in unit <S3_MUSER_toplevel>.
    Set user-defined property "HU_SET =  R4_43" for instance <R4> in unit <S3_MUSER_toplevel>.
    Set user-defined property "HU_SET =  R5_44" for instance <R5> in unit <S3_MUSER_toplevel>.
    Set user-defined property "HU_SET =  R7seg_47" for instance <R7seg> in unit <S3_MUSER_toplevel>.
WARNING:Xst:2211 - "/home/l2/philippot/TP8/toplevel.vhf" line 1505: Instantiating black box module <insmem>.
Entity <S3_MUSER_toplevel> analyzed. Unit <S3_MUSER_toplevel> generated.

Analyzing Entity <FD16CE_MXILINX_toplevel> in library <work> (Architecture <BEHAVIORAL>).
    Set user-defined property "INIT =  0" for instance <I_Q0> in unit <FD16CE_MXILINX_toplevel>.
    Set user-defined property "INIT =  0" for instance <I_Q1> in unit <FD16CE_MXILINX_toplevel>.
    Set user-defined property "INIT =  0" for instance <I_Q2> in unit <FD16CE_MXILINX_toplevel>.
    Set user-defined property "INIT =  0" for instance <I_Q3> in unit <FD16CE_MXILINX_toplevel>.
    Set user-defined property "INIT =  0" for instance <I_Q4> in unit <FD16CE_MXILINX_toplevel>.
    Set user-defined property "INIT =  0" for instance <I_Q5> in unit <FD16CE_MXILINX_toplevel>.
    Set user-defined property "INIT =  0" for instance <I_Q6> in unit <FD16CE_MXILINX_toplevel>.
    Set user-defined property "INIT =  0" for instance <I_Q7> in unit <FD16CE_MXILINX_toplevel>.
    Set user-defined property "INIT =  0" for instance <I_Q8> in unit <FD16CE_MXILINX_toplevel>.
    Set user-defined property "INIT =  0" for instance <I_Q9> in unit <FD16CE_MXILINX_toplevel>.
    Set user-defined property "INIT =  0" for instance <I_Q10> in unit <FD16CE_MXILINX_toplevel>.
    Set user-defined property "INIT =  0" for instance <I_Q11> in unit <FD16CE_MXILINX_toplevel>.
    Set user-defined property "INIT =  0" for instance <I_Q12> in unit <FD16CE_MXILINX_toplevel>.
    Set user-defined property "INIT =  0" for instance <I_Q13> in unit <FD16CE_MXILINX_toplevel>.
    Set user-defined property "INIT =  0" for instance <I_Q14> in unit <FD16CE_MXILINX_toplevel>.
    Set user-defined property "INIT =  0" for instance <I_Q15> in unit <FD16CE_MXILINX_toplevel>.
Entity <FD16CE_MXILINX_toplevel> analyzed. Unit <FD16CE_MXILINX_toplevel> generated.

Analyzing Entity <connecteur16_MUSER_toplevel> in library <work> (Architecture <BEHAVIORAL>).
Entity <connecteur16_MUSER_toplevel> analyzed. Unit <connecteur16_MUSER_toplevel> generated.

Analyzing Entity <connecteur_MUSER_toplevel> in library <work> (Architecture <BEHAVIORAL>).
Entity <connecteur_MUSER_toplevel> analyzed. Unit <connecteur_MUSER_toplevel> generated.

Analyzing Entity <mux2x16_MUSER_toplevel> in library <work> (Architecture <BEHAVIORAL>).
    Set user-defined property "HU_SET =  XLXI_1_26" for instance <XLXI_1> in unit <mux2x16_MUSER_toplevel>.
    Set user-defined property "HU_SET =  XLXI_2_27" for instance <XLXI_2> in unit <mux2x16_MUSER_toplevel>.
    Set user-defined property "HU_SET =  XLXI_3_28" for instance <XLXI_3> in unit <mux2x16_MUSER_toplevel>.
    Set user-defined property "HU_SET =  XLXI_4_29" for instance <XLXI_4> in unit <mux2x16_MUSER_toplevel>.
    Set user-defined property "HU_SET =  XLXI_5_30" for instance <XLXI_5> in unit <mux2x16_MUSER_toplevel>.
    Set user-defined property "HU_SET =  XLXI_6_31" for instance <XLXI_6> in unit <mux2x16_MUSER_toplevel>.
    Set user-defined property "HU_SET =  XLXI_7_24" for instance <XLXI_7> in unit <mux2x16_MUSER_toplevel>.
    Set user-defined property "HU_SET =  XLXI_8_25" for instance <XLXI_8> in unit <mux2x16_MUSER_toplevel>.
    Set user-defined property "HU_SET =  XLXI_34_34" for instance <XLXI_34> in unit <mux2x16_MUSER_toplevel>.
    Set user-defined property "HU_SET =  XLXI_35_35" for instance <XLXI_35> in unit <mux2x16_MUSER_toplevel>.
    Set user-defined property "HU_SET =  XLXI_36_36" for instance <XLXI_36> in unit <mux2x16_MUSER_toplevel>.
    Set user-defined property "HU_SET =  XLXI_37_37" for instance <XLXI_37> in unit <mux2x16_MUSER_toplevel>.
    Set user-defined property "HU_SET =  XLXI_38_38" for instance <XLXI_38> in unit <mux2x16_MUSER_toplevel>.
    Set user-defined property "HU_SET =  XLXI_39_39" for instance <XLXI_39> in unit <mux2x16_MUSER_toplevel>.
    Set user-defined property "HU_SET =  XLXI_40_32" for instance <XLXI_40> in unit <mux2x16_MUSER_toplevel>.
    Set user-defined property "HU_SET =  XLXI_41_33" for instance <XLXI_41> in unit <mux2x16_MUSER_toplevel>.
Entity <mux2x16_MUSER_toplevel> analyzed. Unit <mux2x16_MUSER_toplevel> generated.

Analyzing Entity <M2_1_MXILINX_toplevel> in library <work> (Architecture <BEHAVIORAL>).
Entity <M2_1_MXILINX_toplevel> analyzed. Unit <M2_1_MXILINX_toplevel> generated.

Analyzing Entity <fsm> in library <work> (Architecture <Behavioral>).
INFO:Xst:2679 - Register <B2CO> in unit <fsm> has a constant value of 0 during circuit operation. The register is replaced by logic.
Entity <fsm> analyzed. Unit <fsm> generated.

Analyzing Entity <inc_MUSER_toplevel> in library <work> (Architecture <BEHAVIORAL>).
WARNING:Xst:753 - "/home/l2/philippot/TP8/toplevel.vhf" line 567: Unconnected output port 'CO' of component 'ADD16_MXILINX_toplevel'.
WARNING:Xst:753 - "/home/l2/philippot/TP8/toplevel.vhf" line 567: Unconnected output port 'OFL' of component 'ADD16_MXILINX_toplevel'.
    Set user-defined property "HU_SET =  XLXI_1_23" for instance <XLXI_1> in unit <inc_MUSER_toplevel>.
Entity <inc_MUSER_toplevel> analyzed. Unit <inc_MUSER_toplevel> generated.

Analyzing Entity <ADD16_MXILINX_toplevel> in library <work> (Architecture <BEHAVIORAL>).
    Set user-defined property "RLOC =  X0Y4" for instance <I_36_16> in unit <ADD16_MXILINX_toplevel>.
    Set user-defined property "RLOC =  X0Y4" for instance <I_36_17> in unit <ADD16_MXILINX_toplevel>.
    Set user-defined property "RLOC =  X0Y5" for instance <I_36_18> in unit <ADD16_MXILINX_toplevel>.
    Set user-defined property "RLOC =  X0Y5" for instance <I_36_19> in unit <ADD16_MXILINX_toplevel>.
    Set user-defined property "RLOC =  X0Y6" for instance <I_36_20> in unit <ADD16_MXILINX_toplevel>.
    Set user-defined property "RLOC =  X0Y6" for instance <I_36_21> in unit <ADD16_MXILINX_toplevel>.
    Set user-defined property "RLOC =  X0Y7" for instance <I_36_22> in unit <ADD16_MXILINX_toplevel>.
    Set user-defined property "RLOC =  X0Y7" for instance <I_36_23> in unit <ADD16_MXILINX_toplevel>.
    Set user-defined property "RLOC =  X0Y4" for instance <I_36_55> in unit <ADD16_MXILINX_toplevel>.
    Set user-defined property "RLOC =  X0Y5" for instance <I_36_58> in unit <ADD16_MXILINX_toplevel>.
    Set user-defined property "RLOC =  X0Y5" for instance <I_36_62> in unit <ADD16_MXILINX_toplevel>.
    Set user-defined property "RLOC =  X0Y6" for instance <I_36_63> in unit <ADD16_MXILINX_toplevel>.
    Set user-defined property "RLOC =  X0Y7" for instance <I_36_64> in unit <ADD16_MXILINX_toplevel>.
    Set user-defined property "RLOC =  X0Y7" for instance <I_36_107> in unit <ADD16_MXILINX_toplevel>.
    Set user-defined property "RLOC =  X0Y6" for instance <I_36_110> in unit <ADD16_MXILINX_toplevel>.
    Set user-defined property "RLOC =  X0Y4" for instance <I_36_111> in unit <ADD16_MXILINX_toplevel>.
    Set user-defined property "RLOC =  X0Y3" for instance <I_36_248> in unit <ADD16_MXILINX_toplevel>.
    Set user-defined property "RLOC =  X0Y3" for instance <I_36_249> in unit <ADD16_MXILINX_toplevel>.
    Set user-defined property "RLOC =  X0Y2" for instance <I_36_250> in unit <ADD16_MXILINX_toplevel>.
    Set user-defined property "RLOC =  X0Y2" for instance <I_36_251> in unit <ADD16_MXILINX_toplevel>.
    Set user-defined property "RLOC =  X0Y1" for instance <I_36_252> in unit <ADD16_MXILINX_toplevel>.
    Set user-defined property "RLOC =  X0Y1" for instance <I_36_253> in unit <ADD16_MXILINX_toplevel>.
    Set user-defined property "RLOC =  X0Y0" for instance <I_36_254> in unit <ADD16_MXILINX_toplevel>.
    Set user-defined property "RLOC =  X0Y0" for instance <I_36_255> in unit <ADD16_MXILINX_toplevel>.
    Set user-defined property "RLOC =  X0Y0" for instance <I_36_272> in unit <ADD16_MXILINX_toplevel>.
    Set user-defined property "RLOC =  X0Y0" for instance <I_36_275> in unit <ADD16_MXILINX_toplevel>.
    Set user-defined property "RLOC =  X0Y1" for instance <I_36_279> in unit <ADD16_MXILINX_toplevel>.
    Set user-defined property "RLOC =  X0Y1" for instance <I_36_283> in unit <ADD16_MXILINX_toplevel>.
    Set user-defined property "RLOC =  X0Y2" for instance <I_36_287> in unit <ADD16_MXILINX_toplevel>.
    Set user-defined property "RLOC =  X0Y2" for instance <I_36_291> in unit <ADD16_MXILINX_toplevel>.
    Set user-defined property "RLOC =  X0Y3" for instance <I_36_295> in unit <ADD16_MXILINX_toplevel>.
    Set user-defined property "RLOC =  X0Y3" for instance <I_36_299> in unit <ADD16_MXILINX_toplevel>.
Entity <ADD16_MXILINX_toplevel> analyzed. Unit <ADD16_MXILINX_toplevel> generated.


=========================================================================
*                           HDL Synthesis                               *
=========================================================================

Performing bidirectional port resolution...

Synthesizing Unit <x7seg>.
    Related source file is "/home/l2/philippot/TP8/x7seg.vhd".
    Found 16x7-bit ROM for signal <sevenseg>.
    Summary:
	inferred   1 ROM(s).
Unit <x7seg> synthesized.


Synthesizing Unit <fsm>.
    Related source file is "/home/l2/philippot/TP8/fsm.vhd".
    Found 1-bit register for signal <RI2B>.
    Found 1-bit register for signal <RIload>.
    Found 1-bit register for signal <B2R7seg>.
    Found 1-bit register for signal <COinc>.
    Found 1-bit register for signal <state<0>>.
    Summary:
	inferred   5 D-type flip-flop(s).
Unit <fsm> synthesized.


Synthesizing Unit <clkdiv_MUSER_toplevel>.
    Related source file is "/home/l2/philippot/TP8/toplevel.vhf".
Unit <clkdiv_MUSER_toplevel> synthesized.


Synthesizing Unit <OBUF8_MXILINX_toplevel>.
    Related source file is "/home/l2/philippot/TP8/toplevel.vhf".
Unit <OBUF8_MXILINX_toplevel> synthesized.


Synthesizing Unit <IBUF8_MXILINX_toplevel>.
    Related source file is "/home/l2/philippot/TP8/toplevel.vhf".
Unit <IBUF8_MXILINX_toplevel> synthesized.


Synthesizing Unit <compteur4_MUSER_toplevel>.
    Related source file is "/home/l2/philippot/TP8/toplevel.vhf".
Unit <compteur4_MUSER_toplevel> synthesized.


Synthesizing Unit <M2_1E_MXILINX_toplevel>.
    Related source file is "/home/l2/philippot/TP8/toplevel.vhf".
Unit <M2_1E_MXILINX_toplevel> synthesized.


Synthesizing Unit <FD16CE_MXILINX_toplevel>.
    Related source file is "/home/l2/philippot/TP8/toplevel.vhf".
Unit <FD16CE_MXILINX_toplevel> synthesized.


Synthesizing Unit <connecteur_MUSER_toplevel>.
    Related source file is "/home/l2/philippot/TP8/toplevel.vhf".
Unit <connecteur_MUSER_toplevel> synthesized.


Synthesizing Unit <M2_1_MXILINX_toplevel>.
    Related source file is "/home/l2/philippot/TP8/toplevel.vhf".
Unit <M2_1_MXILINX_toplevel> synthesized.


Synthesizing Unit <ADD16_MXILINX_toplevel>.
    Related source file is "/home/l2/philippot/TP8/toplevel.vhf".
WARNING:Xst:653 - Signal <dummy> is used but never assigned. This sourceless signal will be automatically connected to value 0.
Unit <ADD16_MXILINX_toplevel> synthesized.


Synthesizing Unit <M4_1E_MXILINX_toplevel>.
    Related source file is "/home/l2/philippot/TP8/toplevel.vhf".
Unit <M4_1E_MXILINX_toplevel> synthesized.


Synthesizing Unit <connecteur16_MUSER_toplevel>.
    Related source file is "/home/l2/philippot/TP8/toplevel.vhf".
Unit <connecteur16_MUSER_toplevel> synthesized.


Synthesizing Unit <mux2x16_MUSER_toplevel>.
    Related source file is "/home/l2/philippot/TP8/toplevel.vhf".
Unit <mux2x16_MUSER_toplevel> synthesized.


Synthesizing Unit <inc_MUSER_toplevel>.
    Related source file is "/home/l2/philippot/TP8/toplevel.vhf".
Unit <inc_MUSER_toplevel> synthesized.


Synthesizing Unit <S3_MUSER_toplevel>.
    Related source file is "/home/l2/philippot/TP8/toplevel.vhf".
WARNING:Xst:653 - Signal <Rsw_CLR_openSignal> is used but never assigned. This sourceless signal will be automatically connected to value 0.
WARNING:Xst:653 - Signal <Rsw_CE_openSignal> is used but never assigned. This sourceless signal will be automatically connected to value 0.
WARNING:Xst:653 - Signal <Rsrc2_CLR_openSignal> is used but never assigned. This sourceless signal will be automatically connected to value 0.
WARNING:Xst:653 - Signal <Rsrc2_CE_openSignal> is used but never assigned. This sourceless signal will be automatically connected to value 0.
WARNING:Xst:653 - Signal <Rsrc1_CLR_openSignal> is used but never assigned. This sourceless signal will be automatically connected to value 0.
WARNING:Xst:653 - Signal <Rsrc1_CE_openSignal> is used but never assigned. This sourceless signal will be automatically connected to value 0.
WARNING:Xst:653 - Signal <Rled_CLR_openSignal> is used but never assigned. This sourceless signal will be automatically connected to value 0.
WARNING:Xst:653 - Signal <Rled_CE_openSignal> is used but never assigned. This sourceless signal will be automatically connected to value 0.
WARNING:Xst:653 - Signal <Ri_CLR_openSignal> is used but never assigned. This sourceless signal will be automatically connected to value 0.
WARNING:Xst:653 - Signal <Rdm_D_openSignal> is used but never assigned. This sourceless signal will be automatically connected to value 0000000000000000.
WARNING:Xst:653 - Signal <Rdm_CLR_openSignal> is used but never assigned. This sourceless signal will be automatically connected to value 0.
WARNING:Xst:653 - Signal <Rdm_CE_openSignal> is used but never assigned. This sourceless signal will be automatically connected to value 0.
WARNING:Xst:653 - Signal <Rd_ext_D_openSignal> is used but never assigned. This sourceless signal will be automatically connected to value 0000000000000000.
WARNING:Xst:653 - Signal <Rd_ext_CLR_openSignal> is used but never assigned. This sourceless signal will be automatically connected to value 0.
WARNING:Xst:653 - Signal <Rd_ext_CE_openSignal> is used but never assigned. This sourceless signal will be automatically connected to value 0.
WARNING:Xst:653 - Signal <Ram_CLR_openSignal> is used but never assigned. This sourceless signal will be automatically connected to value 0.
WARNING:Xst:653 - Signal <Ram_CE_openSignal> is used but never assigned. This sourceless signal will be automatically connected to value 0.
WARNING:Xst:653 - Signal <R7seg_CLR_openSignal> is used but never assigned. This sourceless signal will be automatically connected to value 0.
WARNING:Xst:653 - Signal <R5_CLR_openSignal> is used but never assigned. This sourceless signal will be automatically connected to value 0.
WARNING:Xst:653 - Signal <R5_CE_openSignal> is used but never assigned. This sourceless signal will be automatically connected to value 0.
WARNING:Xst:653 - Signal <R4_CLR_openSignal> is used but never assigned. This sourceless signal will be automatically connected to value 0.
WARNING:Xst:653 - Signal <R4_CE_openSignal> is used but never assigned. This sourceless signal will be automatically connected to value 0.
WARNING:Xst:653 - Signal <R3_CLR_openSignal> is used but never assigned. This sourceless signal will be automatically connected to value 0.
WARNING:Xst:653 - Signal <R3_CE_openSignal> is used but never assigned. This sourceless signal will be automatically connected to value 0.
WARNING:Xst:653 - Signal <R2_CLR_openSignal> is used but never assigned. This sourceless signal will be automatically connected to value 0.
WARNING:Xst:653 - Signal <R2_CE_openSignal> is used but never assigned. This sourceless signal will be automatically connected to value 0.
WARNING:Xst:653 - Signal <R1_CLR_openSignal> is used but never assigned. This sourceless signal will be automatically connected to value 0.
WARNING:Xst:653 - Signal <R1_CE_openSignal> is used but never assigned. This sourceless signal will be automatically connected to value 0.
WARNING:Xst:653 - Signal <CO_CLR_openSignal> is used but never assigned. This sourceless signal will be automatically connected to value 0.
Unit <S3_MUSER_toplevel> synthesized.


Synthesizing Unit <Mux4x4_MUSER_toplevel>.
    Related source file is "/home/l2/philippot/TP8/toplevel.vhf".
Unit <Mux4x4_MUSER_toplevel> synthesized.


Synthesizing Unit <afficheur16_MUSER_toplevel>.
    Related source file is "/home/l2/philippot/TP8/toplevel.vhf".
Unit <afficheur16_MUSER_toplevel> synthesized.


Synthesizing Unit <toplevel>.
    Related source file is "/home/l2/philippot/TP8/toplevel.vhf".
WARNING:Xst:646 - Signal <ld<15:8>> is assigned but never used. This unconnected signal will be trimmed during the optimization process.
Unit <toplevel> synthesized.


=========================================================================
HDL Synthesis Report

Macro Statistics
# ROMs                                                 : 1
 16x7-bit ROM                                          : 1
# Registers                                            : 5
 1-bit register                                        : 5

=========================================================================

=========================================================================
*                       Advanced HDL Synthesis                          *
=========================================================================

Reading core <ipcore_dir/insmem.ngc>.
Loading core <insmem> for timing and area information for instance <XLXI_100>.
INFO:Xst:2261 - The FF/Latch <COinc> in Unit <XLXI_103> is equivalent to the following FF/Latch, which will be removed : <RIload> 
INFO:Xst:2261 - The FF/Latch <B2R7seg> in Unit <XLXI_103> is equivalent to the following FF/Latch, which will be removed : <RI2B> 
WARNING:Xst:1426 - The value init of the FF/Latch state_0 hinder the constant cleaning in the block XLXI_103.
   You should achieve better results by setting this init to 1.

=========================================================================
Advanced HDL Synthesis Report

Macro Statistics
# ROMs                                                 : 1
 16x7-bit ROM                                          : 1
# Registers                                            : 273
 Flip-Flops                                            : 273

=========================================================================

=========================================================================
*                         Low Level Synthesis                           *
=========================================================================
WARNING:Xst:1426 - The value init of the FF/Latch state_0 hinder the constant cleaning in the block fsm.
   You should achieve better results by setting this init to 1.
INFO:Xst:2261 - The FF/Latch <B2R7seg> in Unit <fsm> is equivalent to the following FF/Latch, which will be removed : <RI2B> 
INFO:Xst:2261 - The FF/Latch <COinc> in Unit <fsm> is equivalent to the following FF/Latch, which will be removed : <RIload> 

Optimizing unit <toplevel> ...

Optimizing unit <clkdiv_MUSER_toplevel> ...

Optimizing unit <OBUF8_MXILINX_toplevel> ...

Optimizing unit <IBUF8_MXILINX_toplevel> ...

Optimizing unit <M2_1E_MXILINX_toplevel> ...

Optimizing unit <FD16CE_MXILINX_toplevel> ...

Optimizing unit <M2_1_MXILINX_toplevel> ...

Optimizing unit <ADD16_MXILINX_toplevel> ...

Optimizing unit <M4_1E_MXILINX_toplevel> ...

Optimizing unit <connecteur16_MUSER_toplevel> ...

Optimizing unit <mux2x16_MUSER_toplevel> ...

Optimizing unit <S3_MUSER_toplevel> ...

Mapping all equations...
Building and optimizing final netlist ...
Found area constraint ratio of 100 (+ 5) on block toplevel, actual ratio is 2.

Final Macro Processing ...

=========================================================================
Final Register Report

Macro Statistics
# Registers                                            : 271
 Flip-Flops                                            : 271

=========================================================================

=========================================================================
*                           Partition Report                            *
=========================================================================

Partition Implementation Status
-------------------------------

  No Partitions were found in this design.

-------------------------------

=========================================================================
*                            Final Report                               *
=========================================================================
Final Results
RTL Top Level Output File Name     : toplevel.ngr
Top Level Output File Name         : toplevel
Output Format                      : NGC
Optimization Goal                  : Speed
Keep Hierarchy                     : No

Design Statistics
# IOs                              : 28

Cell Usage :
# BELS                             : 685
#      AND2                        : 256
#      AND2B1                      : 16
#      AND3                        : 16
#      AND3B1                      : 16
#      GND                         : 4
#      INV                         : 29
#      LUT2                        : 1
#      LUT3                        : 7
#      LUT4                        : 8
#      MUXCY                       : 1
#      MUXCY_D                     : 1
#      MUXCY_L                     : 14
#      MUXF5                       : 8
#      OR2                         : 273
#      VCC                         : 2
#      XOR2                        : 17
#      XORCY                       : 16
# FlipFlops/Latches                : 271
#      FD                          : 29
#      FDCE                        : 240
#      FDE                         : 1
#      FDR                         : 1
# Clock Buffers                    : 1
#      BUFG                        : 1
# IO Buffers                       : 28
#      IBUF                        : 8
#      IBUFG                       : 1
#      OBUF                        : 19
# Others                           : 16
#      FMAP                        : 16
=========================================================================

Device utilization summary:
---------------------------

Selected Device : 3s1200efg320-4 

 Number of Slices:                      136  out of   8672     1%  
 Number of Slice Flip Flops:            271  out of  17344     1%  
 Number of 4 input LUTs:                 45  out of  17344     0%  
 Number of IOs:                          28
 Number of bonded IOBs:                  28  out of    250    11%  
 Number of GCLKs:                         1  out of     24     4%  

---------------------------
Partition Resource Summary:
---------------------------

  No Partitions were found in this design.

---------------------------


=========================================================================
TIMING REPORT

NOTE: THESE TIMING NUMBERS ARE ONLY A SYNTHESIS ESTIMATE.
      FOR ACCURATE TIMING INFORMATION PLEASE REFER TO THE TRACE REPORT
      GENERATED AFTER PLACE-and-ROUTE.

Clock Information:
------------------
-----------------------------------+--------------------------------+-------+
Clock Signal                       | Clock buffer(FF name)          | Load  |
-----------------------------------+--------------------------------+-------+
XLXN_134                           | NONE(XLXI_96/XLXI_1/BasculeD_0)| 2     |
XLXI_96/XLXN_3<0>                  | NONE(XLXI_96/XLXI_1/BasculeD_1)| 1     |
XLXI_97/XLXN_120                   | NONE(XLXI_97/XLXI_118)         | 1     |
XLXI_97/XLXN_118                   | NONE(XLXI_97/XLXI_112)         | 1     |
XLXI_97/XLXN_116                   | NONE(XLXI_97/XLXI_110)         | 1     |
XLXI_97/XLXN_114                   | NONE(XLXI_97/XLXI_108)         | 1     |
XLXI_97/XLXN_110                   | NONE(XLXI_97/XLXI_106)         | 1     |
XLXI_97/XLXN_113                   | NONE(XLXI_97/XLXI_101)         | 1     |
XLXI_97/XLXN_107                   | NONE(XLXI_97/XLXI_100)         | 1     |
XLXI_97/XLXN_103                   | NONE(XLXI_97/XLXI_98)          | 1     |
XLXI_97/XLXN_101                   | NONE(XLXI_97/XLXI_96)          | 1     |
XLXI_97/XLXN_99                    | NONE(XLXI_97/XLXI_94)          | 1     |
XLXI_97/XLXN_95                    | NONE(XLXI_97/XLXI_92)          | 1     |
XLXI_97/XLXN_90                    | NONE(XLXI_97/XLXI_90)          | 1     |
XLXI_97/XLXN_98                    | NONE(XLXI_97/XLXI_87)          | 1     |
XLXI_97/XLXN_92                    | NONE(XLXI_97/XLXI_86)          | 1     |
XLXI_97/XLXN_88                    | NONE(XLXI_97/XLXI_84)          | 1     |
XLXI_97/XLXN_86                    | NONE(XLXI_97/XLXI_82)          | 1     |
XLXI_97/XLXN_84                    | NONE(XLXI_97/XLXI_80)          | 1     |
XLXI_97/XLXN_78                    | NONE(XLXI_97/XLXI_78)          | 1     |
XLXI_97/XLXN_20                    | NONE(XLXI_97/XLXI_19)          | 1     |
XLXI_97/XLXN_18                    | NONE(XLXI_97/XLXI_17)          | 1     |
XLXI_97/XLXN_10                    | NONE(XLXI_97/XLXI_15)          | 1     |
XLXI_97/XLXN_8                     | NONE(XLXI_97/XLXI_9)           | 1     |
XLXI_97/XLXN_3                     | NONE(XLXI_97/XLXI_7)           | 1     |
XLXI_97/XLXN_1                     | NONE(XLXI_97/XLXI_3)           | 1     |
clk                                | IBUFG+BUFG                     | 244   |
-----------------------------------+--------------------------------+-------+
INFO:Xst:2169 - HDL ADVISOR - Some clock signals were not automatically buffered by XST with BUFG/BUFR resources. Please use the buffer_type constraint in order to insert these buffers to the clock signals to help prevent skew problems.

Asynchronous Control Signals Information:
----------------------------------------
-----------------------------------+------------------------+-------+
Control Signal                     | Buffer(FF name)        | Load  |
-----------------------------------+------------------------+-------+
N0(XST_GND:G)                      | NONE(XLXI_103/CO/I_Q0) | 240   |
-----------------------------------+------------------------+-------+

Timing Summary:
---------------
Speed Grade: -4

   Minimum period: 22.064ns (Maximum Frequency: 45.323MHz)
   Minimum input arrival time before clock: 1.946ns
   Maximum output required time after clock: 9.282ns
   Maximum combinational path delay: No path found

Timing Detail:
--------------
All values displayed in nanoseconds (ns)

=========================================================================
Timing constraint: Default period analysis for Clock 'XLXN_134'
  Clock period: 3.313ns (frequency: 301.884MHz)
  Total number of paths / destination ports: 2 / 2
-------------------------------------------------------------------------
Delay:               3.313ns (Levels of Logic = 1)
  Source:            XLXI_96/XLXI_1/BasculeD_0 (FF)
  Destination:       XLXI_96/XLXI_1/BasculeD_0 (FF)
  Source Clock:      XLXN_134 rising
  Destination Clock: XLXN_134 rising

  Data Path: XLXI_96/XLXI_1/BasculeD_0 to XLXI_96/XLXI_1/BasculeD_0
                                Gate     Net
    Cell:in->out      fanout   Delay   Delay  Logical Name (Net Name)
    ----------------------------------------  ------------
     FD:C->Q              33   0.591   1.263  XLXI_96/XLXI_1/BasculeD_0 (XLXI_96/XLXN_3<0>)
     INV:I->O              2   0.704   0.447  XLXI_96/XLXI_1/XLXI_2 (XLXI_96/XLXI_1/XLXN_4)
     FD:D                      0.308          XLXI_96/XLXI_1/BasculeD_0
    ----------------------------------------
    Total                      3.313ns (1.603ns logic, 1.710ns route)
                                       (48.4% logic, 51.6% route)

=========================================================================
Timing constraint: Default period analysis for Clock 'XLXI_96/XLXN_3<0>'
  Clock period: 2.843ns (frequency: 351.741MHz)
  Total number of paths / destination ports: 1 / 1
-------------------------------------------------------------------------
Delay:               2.843ns (Levels of Logic = 1)
  Source:            XLXI_96/XLXI_1/BasculeD_1 (FF)
  Destination:       XLXI_96/XLXI_1/BasculeD_1 (FF)
  Source Clock:      XLXI_96/XLXN_3<0> falling
  Destination Clock: XLXI_96/XLXN_3<0> falling

  Data Path: XLXI_96/XLXI_1/BasculeD_1 to XLXI_96/XLXI_1/BasculeD_1
                                Gate     Net
    Cell:in->out      fanout   Delay   Delay  Logical Name (Net Name)
    ----------------------------------------  ------------
     FD:C->Q               9   0.591   0.820  XLXI_96/XLXI_1/BasculeD_1 (XLXI_96/XLXN_3<1>)
     INV:I->O              1   0.704   0.420  XLXI_96/XLXI_1/XLXI_4 (XLXI_96/XLXI_1/XLXN_17)
     FD:D                      0.308          XLXI_96/XLXI_1/BasculeD_1
    ----------------------------------------
    Total                      2.843ns (1.603ns logic, 1.240ns route)
                                       (56.4% logic, 43.6% route)

=========================================================================
Timing constraint: Default period analysis for Clock 'XLXI_97/XLXN_120'
  Clock period: 2.443ns (frequency: 409.333MHz)
  Total number of paths / destination ports: 1 / 1
-------------------------------------------------------------------------
Delay:               2.443ns (Levels of Logic = 1)
  Source:            XLXI_97/XLXI_118 (FF)
  Destination:       XLXI_97/XLXI_118 (FF)
  Source Clock:      XLXI_97/XLXN_120 rising
  Destination Clock: XLXI_97/XLXN_120 rising

  Data Path: XLXI_97/XLXI_118 to XLXI_97/XLXI_118
                                Gate     Net
    Cell:in->out      fanout   Delay   Delay  Logical Name (Net Name)
    ----------------------------------------  ------------
     FD:C->Q               1   0.591   0.420  XLXI_97/XLXI_118 (XLXI_97/clksec_DUMMY)
     INV:I->O              1   0.704   0.420  XLXI_97/XLXI_119 (XLXI_97/XLXN_126)
     FD:D                      0.308          XLXI_97/XLXI_118
    ----------------------------------------
    Total                      2.443ns (1.603ns logic, 0.840ns route)
                                       (65.6% logic, 34.4% route)

=========================================================================
Timing constraint: Default period analysis for Clock 'XLXI_97/XLXN_118'
  Clock period: 2.470ns (frequency: 404.858MHz)
  Total number of paths / destination ports: 1 / 1
-------------------------------------------------------------------------
Delay:               2.470ns (Levels of Logic = 1)
  Source:            XLXI_97/XLXI_112 (FF)
  Destination:       XLXI_97/XLXI_112 (FF)
  Source Clock:      XLXI_97/XLXN_118 rising
  Destination Clock: XLXI_97/XLXN_118 rising

  Data Path: XLXI_97/XLXI_112 to XLXI_97/XLXI_112
                                Gate     Net
    Cell:in->out      fanout   Delay   Delay  Logical Name (Net Name)
    ----------------------------------------  ------------
     FD:C->Q               2   0.591   0.447  XLXI_97/XLXI_112 (XLXI_97/XLXN_120)
     INV:I->O              1   0.704   0.420  XLXI_97/XLXI_113 (XLXI_97/XLXN_121)
     FD:D                      0.308          XLXI_97/XLXI_112
    ----------------------------------------
    Total                      2.470ns (1.603ns logic, 0.867ns route)
                                       (64.9% logic, 35.1% route)

=========================================================================
Timing constraint: Default period analysis for Clock 'XLXI_97/XLXN_116'
  Clock period: 2.470ns (frequency: 404.858MHz)
  Total number of paths / destination ports: 1 / 1
-------------------------------------------------------------------------
Delay:               2.470ns (Levels of Logic = 1)
  Source:            XLXI_97/XLXI_110 (FF)
  Destination:       XLXI_97/XLXI_110 (FF)
  Source Clock:      XLXI_97/XLXN_116 rising
  Destination Clock: XLXI_97/XLXN_116 rising

  Data Path: XLXI_97/XLXI_110 to XLXI_97/XLXI_110
                                Gate     Net
    Cell:in->out      fanout   Delay   Delay  Logical Name (Net Name)
    ----------------------------------------  ------------
     FD:C->Q               2   0.591   0.447  XLXI_97/XLXI_110 (XLXI_97/XLXN_118)
     INV:I->O              1   0.704   0.420  XLXI_97/XLXI_111 (XLXI_97/XLXN_119)
     FD:D                      0.308          XLXI_97/XLXI_110
    ----------------------------------------
    Total                      2.470ns (1.603ns logic, 0.867ns route)
                                       (64.9% logic, 35.1% route)

=========================================================================
Timing constraint: Default period analysis for Clock 'XLXI_97/XLXN_114'
  Clock period: 2.470ns (frequency: 404.858MHz)
  Total number of paths / destination ports: 1 / 1
-------------------------------------------------------------------------
Delay:               2.470ns (Levels of Logic = 1)
  Source:            XLXI_97/XLXI_108 (FF)
  Destination:       XLXI_97/XLXI_108 (FF)
  Source Clock:      XLXI_97/XLXN_114 rising
  Destination Clock: XLXI_97/XLXN_114 rising

  Data Path: XLXI_97/XLXI_108 to XLXI_97/XLXI_108
                                Gate     Net
    Cell:in->out      fanout   Delay   Delay  Logical Name (Net Name)
    ----------------------------------------  ------------
     FD:C->Q               2   0.591   0.447  XLXI_97/XLXI_108 (XLXI_97/XLXN_116)
     INV:I->O              1   0.704   0.420  XLXI_97/XLXI_109 (XLXI_97/XLXN_117)
     FD:D                      0.308          XLXI_97/XLXI_108
    ----------------------------------------
    Total                      2.470ns (1.603ns logic, 0.867ns route)
                                       (64.9% logic, 35.1% route)

=========================================================================
Timing constraint: Default period analysis for Clock 'XLXI_97/XLXN_110'
  Clock period: 2.470ns (frequency: 404.858MHz)
  Total number of paths / destination ports: 1 / 1
-------------------------------------------------------------------------
Delay:               2.470ns (Levels of Logic = 1)
  Source:            XLXI_97/XLXI_106 (FF)
  Destination:       XLXI_97/XLXI_106 (FF)
  Source Clock:      XLXI_97/XLXN_110 rising
  Destination Clock: XLXI_97/XLXN_110 rising

  Data Path: XLXI_97/XLXI_106 to XLXI_97/XLXI_106
                                Gate     Net
    Cell:in->out      fanout   Delay   Delay  Logical Name (Net Name)
    ----------------------------------------  ------------
     FD:C->Q               2   0.591   0.447  XLXI_97/XLXI_106 (XLXI_97/XLXN_114)
     INV:I->O              1   0.704   0.420  XLXI_97/XLXI_107 (XLXI_97/XLXN_115)
     FD:D                      0.308          XLXI_97/XLXI_106
    ----------------------------------------
    Total                      2.470ns (1.603ns logic, 0.867ns route)
                                       (64.9% logic, 35.1% route)

=========================================================================
Timing constraint: Default period analysis for Clock 'XLXI_97/XLXN_113'
  Clock period: 2.470ns (frequency: 404.858MHz)
  Total number of paths / destination ports: 1 / 1
-------------------------------------------------------------------------
Delay:               2.470ns (Levels of Logic = 1)
  Source:            XLXI_97/XLXI_101 (FF)
  Destination:       XLXI_97/XLXI_101 (FF)
  Source Clock:      XLXI_97/XLXN_113 rising
  Destination Clock: XLXI_97/XLXN_113 rising

  Data Path: XLXI_97/XLXI_101 to XLXI_97/XLXI_101
                                Gate     Net
    Cell:in->out      fanout   Delay   Delay  Logical Name (Net Name)
    ----------------------------------------  ------------
     FD:C->Q               2   0.591   0.447  XLXI_97/XLXI_101 (XLXI_97/XLXN_107)
     INV:I->O              1   0.704   0.420  XLXI_97/XLXI_102 (XLXI_97/XLXN_108)
     FD:D                      0.308          XLXI_97/XLXI_101
    ----------------------------------------
    Total                      2.470ns (1.603ns logic, 0.867ns route)
                                       (64.9% logic, 35.1% route)

=========================================================================
Timing constraint: Default period analysis for Clock 'XLXI_97/XLXN_107'
  Clock period: 2.470ns (frequency: 404.858MHz)
  Total number of paths / destination ports: 1 / 1
-------------------------------------------------------------------------
Delay:               2.470ns (Levels of Logic = 1)
  Source:            XLXI_97/XLXI_100 (FF)
  Destination:       XLXI_97/XLXI_100 (FF)
  Source Clock:      XLXI_97/XLXN_107 rising
  Destination Clock: XLXI_97/XLXN_107 rising

  Data Path: XLXI_97/XLXI_100 to XLXI_97/XLXI_100
                                Gate     Net
    Cell:in->out      fanout   Delay   Delay  Logical Name (Net Name)
    ----------------------------------------  ------------
     FD:C->Q               2   0.591   0.447  XLXI_97/XLXI_100 (XLXI_97/XLXN_110)
     INV:I->O              1   0.704   0.420  XLXI_97/XLXI_103 (XLXI_97/XLXN_109)
     FD:D                      0.308          XLXI_97/XLXI_100
    ----------------------------------------
    Total                      2.470ns (1.603ns logic, 0.867ns route)
                                       (64.9% logic, 35.1% route)

=========================================================================
Timing constraint: Default period analysis for Clock 'XLXI_97/XLXN_103'
  Clock period: 2.554ns (frequency: 391.543MHz)
  Total number of paths / destination ports: 1 / 1
-------------------------------------------------------------------------
Delay:               2.554ns (Levels of Logic = 1)
  Source:            XLXI_97/XLXI_98 (FF)
  Destination:       XLXI_97/XLXI_98 (FF)
  Source Clock:      XLXI_97/XLXN_103 rising
  Destination Clock: XLXI_97/XLXN_103 rising

  Data Path: XLXI_97/XLXI_98 to XLXI_97/XLXI_98
                                Gate     Net
    Cell:in->out      fanout   Delay   Delay  Logical Name (Net Name)
    ----------------------------------------  ------------
     FD:C->Q               3   0.591   0.531  XLXI_97/XLXI_98 (XLXN_134)
     INV:I->O              1   0.704   0.420  XLXI_97/XLXI_99 (XLXI_97/XLXN_106)
     FD:D                      0.308          XLXI_97/XLXI_98
    ----------------------------------------
    Total                      2.554ns (1.603ns logic, 0.951ns route)
                                       (62.8% logic, 37.2% route)

=========================================================================
Timing constraint: Default period analysis for Clock 'XLXI_97/XLXN_101'
  Clock period: 2.470ns (frequency: 404.858MHz)
  Total number of paths / destination ports: 1 / 1
-------------------------------------------------------------------------
Delay:               2.470ns (Levels of Logic = 1)
  Source:            XLXI_97/XLXI_96 (FF)
  Destination:       XLXI_97/XLXI_96 (FF)
  Source Clock:      XLXI_97/XLXN_101 rising
  Destination Clock: XLXI_97/XLXN_101 rising

  Data Path: XLXI_97/XLXI_96 to XLXI_97/XLXI_96
                                Gate     Net
    Cell:in->out      fanout   Delay   Delay  Logical Name (Net Name)
    ----------------------------------------  ------------
     FD:C->Q               2   0.591   0.447  XLXI_97/XLXI_96 (XLXI_97/XLXN_103)
     INV:I->O              1   0.704   0.420  XLXI_97/XLXI_97 (XLXI_97/XLXN_104)
     FD:D                      0.308          XLXI_97/XLXI_96
    ----------------------------------------
    Total                      2.470ns (1.603ns logic, 0.867ns route)
                                       (64.9% logic, 35.1% route)

=========================================================================
Timing constraint: Default period analysis for Clock 'XLXI_97/XLXN_99'
  Clock period: 2.470ns (frequency: 404.858MHz)
  Total number of paths / destination ports: 1 / 1
-------------------------------------------------------------------------
Delay:               2.470ns (Levels of Logic = 1)
  Source:            XLXI_97/XLXI_94 (FF)
  Destination:       XLXI_97/XLXI_94 (FF)
  Source Clock:      XLXI_97/XLXN_99 rising
  Destination Clock: XLXI_97/XLXN_99 rising

  Data Path: XLXI_97/XLXI_94 to XLXI_97/XLXI_94
                                Gate     Net
    Cell:in->out      fanout   Delay   Delay  Logical Name (Net Name)
    ----------------------------------------  ------------
     FD:C->Q               2   0.591   0.447  XLXI_97/XLXI_94 (XLXI_97/XLXN_101)
     INV:I->O              1   0.704   0.420  XLXI_97/XLXI_95 (XLXI_97/XLXN_102)
     FD:D                      0.308          XLXI_97/XLXI_94
    ----------------------------------------
    Total                      2.470ns (1.603ns logic, 0.867ns route)
                                       (64.9% logic, 35.1% route)

=========================================================================
Timing constraint: Default period analysis for Clock 'XLXI_97/XLXN_95'
  Clock period: 2.470ns (frequency: 404.858MHz)
  Total number of paths / destination ports: 1 / 1
-------------------------------------------------------------------------
Delay:               2.470ns (Levels of Logic = 1)
  Source:            XLXI_97/XLXI_92 (FF)
  Destination:       XLXI_97/XLXI_92 (FF)
  Source Clock:      XLXI_97/XLXN_95 rising
  Destination Clock: XLXI_97/XLXN_95 rising

  Data Path: XLXI_97/XLXI_92 to XLXI_97/XLXI_92
                                Gate     Net
    Cell:in->out      fanout   Delay   Delay  Logical Name (Net Name)
    ----------------------------------------  ------------
     FD:C->Q               2   0.591   0.447  XLXI_97/XLXI_92 (XLXI_97/XLXN_99)
     INV:I->O              1   0.704   0.420  XLXI_97/XLXI_93 (XLXI_97/XLXN_100)
     FD:D                      0.308          XLXI_97/XLXI_92
    ----------------------------------------
    Total                      2.470ns (1.603ns logic, 0.867ns route)
                                       (64.9% logic, 35.1% route)

=========================================================================
Timing constraint: Default period analysis for Clock 'XLXI_97/XLXN_90'
  Clock period: 2.470ns (frequency: 404.858MHz)
  Total number of paths / destination ports: 1 / 1
-------------------------------------------------------------------------
Delay:               2.470ns (Levels of Logic = 1)
  Source:            XLXI_97/XLXI_90 (FF)
  Destination:       XLXI_97/XLXI_90 (FF)
  Source Clock:      XLXI_97/XLXN_90 rising
  Destination Clock: XLXI_97/XLXN_90 rising

  Data Path: XLXI_97/XLXI_90 to XLXI_97/XLXI_90
                                Gate     Net
    Cell:in->out      fanout   Delay   Delay  Logical Name (Net Name)
    ----------------------------------------  ------------
     FD:C->Q               2   0.591   0.447  XLXI_97/XLXI_90 (XLXI_97/XLXN_98)
     INV:I->O              1   0.704   0.420  XLXI_97/XLXI_91 (XLXI_97/XLXN_96)
     FD:D                      0.308          XLXI_97/XLXI_90
    ----------------------------------------
    Total                      2.470ns (1.603ns logic, 0.867ns route)
                                       (64.9% logic, 35.1% route)

=========================================================================
Timing constraint: Default period analysis for Clock 'XLXI_97/XLXN_98'
  Clock period: 2.470ns (frequency: 404.858MHz)
  Total number of paths / destination ports: 1 / 1
-------------------------------------------------------------------------
Delay:               2.470ns (Levels of Logic = 1)
  Source:            XLXI_97/XLXI_87 (FF)
  Destination:       XLXI_97/XLXI_87 (FF)
  Source Clock:      XLXI_97/XLXN_98 rising
  Destination Clock: XLXI_97/XLXN_98 rising

  Data Path: XLXI_97/XLXI_87 to XLXI_97/XLXI_87
                                Gate     Net
    Cell:in->out      fanout   Delay   Delay  Logical Name (Net Name)
    ----------------------------------------  ------------
     FD:C->Q               2   0.591   0.447  XLXI_97/XLXI_87 (XLXI_97/XLXN_92)
     INV:I->O              1   0.704   0.420  XLXI_97/XLXI_88 (XLXI_97/XLXN_93)
     FD:D                      0.308          XLXI_97/XLXI_87
    ----------------------------------------
    Total                      2.470ns (1.603ns logic, 0.867ns route)
                                       (64.9% logic, 35.1% route)

=========================================================================
Timing constraint: Default period analysis for Clock 'XLXI_97/XLXN_92'
  Clock period: 2.470ns (frequency: 404.858MHz)
  Total number of paths / destination ports: 1 / 1
-------------------------------------------------------------------------
Delay:               2.470ns (Levels of Logic = 1)
  Source:            XLXI_97/XLXI_86 (FF)
  Destination:       XLXI_97/XLXI_86 (FF)
  Source Clock:      XLXI_97/XLXN_92 rising
  Destination Clock: XLXI_97/XLXN_92 rising

  Data Path: XLXI_97/XLXI_86 to XLXI_97/XLXI_86
                                Gate     Net
    Cell:in->out      fanout   Delay   Delay  Logical Name (Net Name)
    ----------------------------------------  ------------
     FD:C->Q               2   0.591   0.447  XLXI_97/XLXI_86 (XLXI_97/XLXN_95)
     INV:I->O              1   0.704   0.420  XLXI_97/XLXI_89 (XLXI_97/XLXN_94)
     FD:D                      0.308          XLXI_97/XLXI_86
    ----------------------------------------
    Total                      2.470ns (1.603ns logic, 0.867ns route)
                                       (64.9% logic, 35.1% route)

=========================================================================
Timing constraint: Default period analysis for Clock 'XLXI_97/XLXN_88'
  Clock period: 2.470ns (frequency: 404.858MHz)
  Total number of paths / destination ports: 1 / 1
-------------------------------------------------------------------------
Delay:               2.470ns (Levels of Logic = 1)
  Source:            XLXI_97/XLXI_84 (FF)
  Destination:       XLXI_97/XLXI_84 (FF)
  Source Clock:      XLXI_97/XLXN_88 rising
  Destination Clock: XLXI_97/XLXN_88 rising

  Data Path: XLXI_97/XLXI_84 to XLXI_97/XLXI_84
                                Gate     Net
    Cell:in->out      fanout   Delay   Delay  Logical Name (Net Name)
    ----------------------------------------  ------------
     FD:C->Q               2   0.591   0.447  XLXI_97/XLXI_84 (XLXI_97/XLXN_90)
     INV:I->O              1   0.704   0.420  XLXI_97/XLXI_85 (XLXI_97/XLXN_91)
     FD:D                      0.308          XLXI_97/XLXI_84
    ----------------------------------------
    Total                      2.470ns (1.603ns logic, 0.867ns route)
                                       (64.9% logic, 35.1% route)

=========================================================================
Timing constraint: Default period analysis for Clock 'XLXI_97/XLXN_86'
  Clock period: 2.470ns (frequency: 404.858MHz)
  Total number of paths / destination ports: 1 / 1
-------------------------------------------------------------------------
Delay:               2.470ns (Levels of Logic = 1)
  Source:            XLXI_97/XLXI_82 (FF)
  Destination:       XLXI_97/XLXI_82 (FF)
  Source Clock:      XLXI_97/XLXN_86 rising
  Destination Clock: XLXI_97/XLXN_86 rising

  Data Path: XLXI_97/XLXI_82 to XLXI_97/XLXI_82
                                Gate     Net
    Cell:in->out      fanout   Delay   Delay  Logical Name (Net Name)
    ----------------------------------------  ------------
     FD:C->Q               2   0.591   0.447  XLXI_97/XLXI_82 (XLXI_97/XLXN_88)
     INV:I->O              1   0.704   0.420  XLXI_97/XLXI_83 (XLXI_97/XLXN_89)
     FD:D                      0.308          XLXI_97/XLXI_82
    ----------------------------------------
    Total                      2.470ns (1.603ns logic, 0.867ns route)
                                       (64.9% logic, 35.1% route)

=========================================================================
Timing constraint: Default period analysis for Clock 'XLXI_97/XLXN_84'
  Clock period: 2.470ns (frequency: 404.858MHz)
  Total number of paths / destination ports: 1 / 1
-------------------------------------------------------------------------
Delay:               2.470ns (Levels of Logic = 1)
  Source:            XLXI_97/XLXI_80 (FF)
  Destination:       XLXI_97/XLXI_80 (FF)
  Source Clock:      XLXI_97/XLXN_84 rising
  Destination Clock: XLXI_97/XLXN_84 rising

  Data Path: XLXI_97/XLXI_80 to XLXI_97/XLXI_80
                                Gate     Net
    Cell:in->out      fanout   Delay   Delay  Logical Name (Net Name)
    ----------------------------------------  ------------
     FD:C->Q               2   0.591   0.447  XLXI_97/XLXI_80 (XLXI_97/XLXN_86)
     INV:I->O              1   0.704   0.420  XLXI_97/XLXI_81 (XLXI_97/XLXN_87)
     FD:D                      0.308          XLXI_97/XLXI_80
    ----------------------------------------
    Total                      2.470ns (1.603ns logic, 0.867ns route)
                                       (64.9% logic, 35.1% route)

=========================================================================
Timing constraint: Default period analysis for Clock 'XLXI_97/XLXN_78'
  Clock period: 2.470ns (frequency: 404.858MHz)
  Total number of paths / destination ports: 1 / 1
-------------------------------------------------------------------------
Delay:               2.470ns (Levels of Logic = 1)
  Source:            XLXI_97/XLXI_78 (FF)
  Destination:       XLXI_97/XLXI_78 (FF)
  Source Clock:      XLXI_97/XLXN_78 rising
  Destination Clock: XLXI_97/XLXN_78 rising

  Data Path: XLXI_97/XLXI_78 to XLXI_97/XLXI_78
                                Gate     Net
    Cell:in->out      fanout   Delay   Delay  Logical Name (Net Name)
    ----------------------------------------  ------------
     FD:C->Q               2   0.591   0.447  XLXI_97/XLXI_78 (XLXI_97/XLXN_84)
     INV:I->O              1   0.704   0.420  XLXI_97/XLXI_79 (XLXI_97/XLXN_85)
     FD:D                      0.308          XLXI_97/XLXI_78
    ----------------------------------------
    Total                      2.470ns (1.603ns logic, 0.867ns route)
                                       (64.9% logic, 35.1% route)

=========================================================================
Timing constraint: Default period analysis for Clock 'XLXI_97/XLXN_20'
  Clock period: 2.470ns (frequency: 404.858MHz)
  Total number of paths / destination ports: 1 / 1
-------------------------------------------------------------------------
Delay:               2.470ns (Levels of Logic = 1)
  Source:            XLXI_97/XLXI_19 (FF)
  Destination:       XLXI_97/XLXI_19 (FF)
  Source Clock:      XLXI_97/XLXN_20 rising
  Destination Clock: XLXI_97/XLXN_20 rising

  Data Path: XLXI_97/XLXI_19 to XLXI_97/XLXI_19
                                Gate     Net
    Cell:in->out      fanout   Delay   Delay  Logical Name (Net Name)
    ----------------------------------------  ------------
     FD:C->Q               2   0.591   0.447  XLXI_97/XLXI_19 (XLXI_97/XLXN_78)
     INV:I->O              1   0.704   0.420  XLXI_97/XLXI_20 (XLXI_97/XLXN_23)
     FD:D                      0.308          XLXI_97/XLXI_19
    ----------------------------------------
    Total                      2.470ns (1.603ns logic, 0.867ns route)
                                       (64.9% logic, 35.1% route)

=========================================================================
Timing constraint: Default period analysis for Clock 'XLXI_97/XLXN_18'
  Clock period: 2.470ns (frequency: 404.858MHz)
  Total number of paths / destination ports: 1 / 1
-------------------------------------------------------------------------
Delay:               2.470ns (Levels of Logic = 1)
  Source:            XLXI_97/XLXI_17 (FF)
  Destination:       XLXI_97/XLXI_17 (FF)
  Source Clock:      XLXI_97/XLXN_18 rising
  Destination Clock: XLXI_97/XLXN_18 rising

  Data Path: XLXI_97/XLXI_17 to XLXI_97/XLXI_17
                                Gate     Net
    Cell:in->out      fanout   Delay   Delay  Logical Name (Net Name)
    ----------------------------------------  ------------
     FD:C->Q               2   0.591   0.447  XLXI_97/XLXI_17 (XLXI_97/XLXN_20)
     INV:I->O              1   0.704   0.420  XLXI_97/XLXI_18 (XLXI_97/XLXN_21)
     FD:D                      0.308          XLXI_97/XLXI_17
    ----------------------------------------
    Total                      2.470ns (1.603ns logic, 0.867ns route)
                                       (64.9% logic, 35.1% route)

=========================================================================
Timing constraint: Default period analysis for Clock 'XLXI_97/XLXN_10'
  Clock period: 2.470ns (frequency: 404.858MHz)
  Total number of paths / destination ports: 1 / 1
-------------------------------------------------------------------------
Delay:               2.470ns (Levels of Logic = 1)
  Source:            XLXI_97/XLXI_15 (FF)
  Destination:       XLXI_97/XLXI_15 (FF)
  Source Clock:      XLXI_97/XLXN_10 rising
  Destination Clock: XLXI_97/XLXN_10 rising

  Data Path: XLXI_97/XLXI_15 to XLXI_97/XLXI_15
                                Gate     Net
    Cell:in->out      fanout   Delay   Delay  Logical Name (Net Name)
    ----------------------------------------  ------------
     FD:C->Q               2   0.591   0.447  XLXI_97/XLXI_15 (XLXI_97/XLXN_18)
     INV:I->O              1   0.704   0.420  XLXI_97/XLXI_16 (XLXI_97/XLXN_19)
     FD:D                      0.308          XLXI_97/XLXI_15
    ----------------------------------------
    Total                      2.470ns (1.603ns logic, 0.867ns route)
                                       (64.9% logic, 35.1% route)

=========================================================================
Timing constraint: Default period analysis for Clock 'XLXI_97/XLXN_8'
  Clock period: 2.470ns (frequency: 404.858MHz)
  Total number of paths / destination ports: 1 / 1
-------------------------------------------------------------------------
Delay:               2.470ns (Levels of Logic = 1)
  Source:            XLXI_97/XLXI_9 (FF)
  Destination:       XLXI_97/XLXI_9 (FF)
  Source Clock:      XLXI_97/XLXN_8 rising
  Destination Clock: XLXI_97/XLXN_8 rising

  Data Path: XLXI_97/XLXI_9 to XLXI_97/XLXI_9
                                Gate     Net
    Cell:in->out      fanout   Delay   Delay  Logical Name (Net Name)
    ----------------------------------------  ------------
     FD:C->Q               2   0.591   0.447  XLXI_97/XLXI_9 (XLXI_97/XLXN_10)
     INV:I->O              1   0.704   0.420  XLXI_97/XLXI_10 (XLXI_97/XLXN_11)
     FD:D                      0.308          XLXI_97/XLXI_9
    ----------------------------------------
    Total                      2.470ns (1.603ns logic, 0.867ns route)
                                       (64.9% logic, 35.1% route)

=========================================================================
Timing constraint: Default period analysis for Clock 'XLXI_97/XLXN_3'
  Clock period: 2.470ns (frequency: 404.858MHz)
  Total number of paths / destination ports: 1 / 1
-------------------------------------------------------------------------
Delay:               2.470ns (Levels of Logic = 1)
  Source:            XLXI_97/XLXI_7 (FF)
  Destination:       XLXI_97/XLXI_7 (FF)
  Source Clock:      XLXI_97/XLXN_3 rising
  Destination Clock: XLXI_97/XLXN_3 rising

  Data Path: XLXI_97/XLXI_7 to XLXI_97/XLXI_7
                                Gate     Net
    Cell:in->out      fanout   Delay   Delay  Logical Name (Net Name)
    ----------------------------------------  ------------
     FD:C->Q               2   0.591   0.447  XLXI_97/XLXI_7 (XLXI_97/XLXN_8)
     INV:I->O              1   0.704   0.420  XLXI_97/XLXI_8 (XLXI_97/XLXN_9)
     FD:D                      0.308          XLXI_97/XLXI_7
    ----------------------------------------
    Total                      2.470ns (1.603ns logic, 0.867ns route)
                                       (64.9% logic, 35.1% route)

=========================================================================
Timing constraint: Default period analysis for Clock 'XLXI_97/XLXN_1'
  Clock period: 2.470ns (frequency: 404.858MHz)
  Total number of paths / destination ports: 1 / 1
-------------------------------------------------------------------------
Delay:               2.470ns (Levels of Logic = 1)
  Source:            XLXI_97/XLXI_3 (FF)
  Destination:       XLXI_97/XLXI_3 (FF)
  Source Clock:      XLXI_97/XLXN_1 rising
  Destination Clock: XLXI_97/XLXN_1 rising

  Data Path: XLXI_97/XLXI_3 to XLXI_97/XLXI_3
                                Gate     Net
    Cell:in->out      fanout   Delay   Delay  Logical Name (Net Name)
    ----------------------------------------  ------------
     FD:C->Q               2   0.591   0.447  XLXI_97/XLXI_3 (XLXI_97/XLXN_3)
     INV:I->O              1   0.704   0.420  XLXI_97/XLXI_4 (XLXI_97/XLXN_4)
     FD:D                      0.308          XLXI_97/XLXI_3
    ----------------------------------------
    Total                      2.470ns (1.603ns logic, 0.867ns route)
                                       (64.9% logic, 35.1% route)

=========================================================================
Timing constraint: Default period analysis for Clock 'clk'
  Clock period: 22.064ns (frequency: 45.323MHz)
  Total number of paths / destination ports: 3235 / 243
-------------------------------------------------------------------------
Delay:               22.064ns (Levels of Logic = 20)
  Source:            XLXI_103/R1/I_Q0 (FF)
  Destination:       XLXI_103/CO/I_Q0 (FF)
  Source Clock:      clk rising
  Destination Clock: clk rising

  Data Path: XLXI_103/R1/I_Q0 to XLXI_103/CO/I_Q0
                                Gate     Net
    Cell:in->out      fanout   Delay   Delay  Logical Name (Net Name)
    ----------------------------------------  ------------
     FDCE:C->Q             1   0.591   0.420  I_Q0 (Q<0>)
     end scope: 'XLXI_103/R1'
     AND2:I0->O            1   0.704   0.420  XLXI_103/c0/c0/XLXI_1 (XLXI_103/c0/c0/XLXN_3)
     OR2:I1->O             1   0.704   0.420  XLXI_103/c0/c0/XLXI_2 (XLXI_103/XLXN_5<0>)
     OR2:I0->O             1   0.704   0.420  XLXI_103/c1/c0/XLXI_2 (XLXI_103/XLXN_13<0>)
     OR2:I0->O             1   0.704   0.420  XLXI_103/c2/c0/XLXI_2 (XLXI_103/XLXN_10<0>)
     OR2:I0->O             1   0.704   0.420  XLXI_103/c3/c0/XLXI_2 (XLXI_103/R4out2<0>)
     OR2:I0->O             1   0.704   0.420  XLXI_103/c4/c0/XLXI_2 (XLXI_103/XLXN_19<0>)
     OR2:I0->O             1   0.704   0.420  XLXI_103/c5/c0/XLXI_2 (XLXI_103/XLXN_27<0>)
     OR2:I0->O             1   0.704   0.420  XLXI_103/c6/c0/XLXI_2 (XLXI_103/XLXN_25<0>)
     OR2:I0->O             1   0.704   0.420  XLXI_103/c7/c0/XLXI_2 (XLXI_103/R7segout2<0>)
     OR2:I0->O             1   0.704   0.420  XLXI_103/c8/c0/XLXI_2 (XLXI_103/Rsrc1out2<0>)
     OR2:I0->O             1   0.704   0.420  XLXI_103/c14/c0/XLXI_2 (XLXI_103/XLXN_40<0>)
     OR2:I0->O             1   0.704   0.420  XLXI_103/c9/c0/XLXI_2 (XLXI_103/Rdextout2<0>)
     OR2:I0->O             1   0.704   0.420  XLXI_103/c10/c0/XLXI_2 (XLXI_103/XLXN_57<0>)
     OR2:I0->O             1   0.704   0.420  XLXI_103/c11/c0/XLXI_2 (XLXI_103/XLXN_51<0>)
     OR2:I0->O             1   0.704   0.420  XLXI_103/c12/c0/XLXI_2 (XLXI_103/XLXN_54<0>)
     OR2:I0->O            11   0.704   0.933  XLXI_103/c13/c0/XLXI_2 (XLXI_103/XLXN_119<0>)
     begin scope: 'XLXI_103/selectCO/XLXI_1'
     AND2:I0->O            1   0.704   0.420  I_36_9 (M1)
     OR2:I0->O             1   0.704   0.420  I_36_8 (O)
     end scope: 'XLXI_103/selectCO/XLXI_1'
     begin scope: 'XLXI_103/CO'
     FDCE:D                    0.308          I_Q0
    ----------------------------------------
    Total                     22.064ns (13.571ns logic, 8.493ns route)
                                       (61.5% logic, 38.5% route)

=========================================================================
Timing constraint: Default OFFSET IN BEFORE for Clock 'clk'
  Total number of paths / destination ports: 8 / 8
-------------------------------------------------------------------------
Offset:              1.946ns (Levels of Logic = 3)
  Source:            switches<0> (PAD)
  Destination:       XLXI_103/Rsw/I_Q0 (FF)
  Destination Clock: clk rising

  Data Path: switches<0> to XLXI_103/Rsw/I_Q0
                                Gate     Net
    Cell:in->out      fanout   Delay   Delay  Logical Name (Net Name)
    ----------------------------------------  ------------
     begin scope: 'XLXI_100'
     IBUF:I->O             1   1.218   0.420  I_36_37 (O<0>)
     end scope: 'XLXI_100'
     begin scope: 'XLXI_103/Rsw'
     FDCE:D                    0.308          I_Q0
    ----------------------------------------
    Total                      1.946ns (1.526ns logic, 0.420ns route)
                                       (78.4% logic, 21.6% route)

=========================================================================
Timing constraint: Default OFFSET OUT AFTER for Clock 'XLXI_96/XLXN_3<0>'
  Total number of paths / destination ports: 32 / 11
-------------------------------------------------------------------------
Offset:              7.429ns (Levels of Logic = 4)
  Source:            XLXI_96/XLXI_1/BasculeD_1 (FF)
  Destination:       sevenseg<6> (PAD)
  Source Clock:      XLXI_96/XLXN_3<0> falling

  Data Path: XLXI_96/XLXI_1/BasculeD_1 to sevenseg<6>
                                Gate     Net
    Cell:in->out      fanout   Delay   Delay  Logical Name (Net Name)
    ----------------------------------------  ------------
     FD:C->Q               9   0.591   0.820  XLXI_96/XLXI_1/BasculeD_1 (XLXI_96/XLXN_3<1>)
     begin scope: 'XLXI_96/XLXI_3/XLXI_4'
     MUXF5:S->O            7   0.739   0.883  I_O (O)
     end scope: 'XLXI_96/XLXI_3/XLXI_4'
     LUT4:I0->O            1   0.704   0.420  XLXI_96/XLXI_9/Mrom_sevenseg31 (sevenseg_3_OBUF)
     OBUF:I->O                 3.272          sevenseg_3_OBUF (sevenseg<3>)
    ----------------------------------------
    Total                      7.429ns (5.306ns logic, 2.123ns route)
                                       (71.4% logic, 28.6% route)

=========================================================================
Timing constraint: Default OFFSET OUT AFTER for Clock 'XLXN_134'
  Total number of paths / destination ports: 128 / 11
-------------------------------------------------------------------------
Offset:              9.282ns (Levels of Logic = 7)
  Source:            XLXI_96/XLXI_1/BasculeD_0 (FF)
  Destination:       sevenseg<6> (PAD)
  Source Clock:      XLXN_134 rising

  Data Path: XLXI_96/XLXI_1/BasculeD_0 to sevenseg<6>
                                Gate     Net
    Cell:in->out      fanout   Delay   Delay  Logical Name (Net Name)
    ----------------------------------------  ------------
     FD:C->Q              33   0.591   1.263  XLXI_96/XLXI_1/BasculeD_0 (XLXI_96/XLXN_3<0>)
     begin scope: 'XLXI_96/XLXI_3/XLXI_4'
     begin scope: 'I_M23'
     AND3:I2->O            1   0.704   0.420  I_36_30 (M1)
     OR2:I0->O             1   0.704   0.000  I_36_38 (O)
     end scope: 'I_M23'
     MUXF5:I1->O           7   0.321   0.883  I_O (O)
     end scope: 'XLXI_96/XLXI_3/XLXI_4'
     LUT4:I0->O            1   0.704   0.420  XLXI_96/XLXI_9/Mrom_sevenseg31 (sevenseg_3_OBUF)
     OBUF:I->O                 3.272          sevenseg_3_OBUF (sevenseg<3>)
    ----------------------------------------
    Total                      9.282ns (6.296ns logic, 2.986ns route)
                                       (67.8% logic, 32.2% route)

=========================================================================
Timing constraint: Default OFFSET OUT AFTER for Clock 'clk'
  Total number of paths / destination ports: 120 / 15
-------------------------------------------------------------------------
Offset:              8.466ns (Levels of Logic = 8)
  Source:            XLXI_103/R7seg/I_Q5 (FF)
  Destination:       sevenseg<6> (PAD)
  Source Clock:      clk rising

  Data Path: XLXI_103/R7seg/I_Q5 to sevenseg<6>
                                Gate     Net
    Cell:in->out      fanout   Delay   Delay  Logical Name (Net Name)
    ----------------------------------------  ------------
     FDCE:C->Q             2   0.591   0.447  I_Q5 (Q<5>)
     end scope: 'XLXI_103/R7seg'
     begin scope: 'XLXI_96/XLXI_3/XLXI_3'
     begin scope: 'I_M01'
     AND3:I0->O            1   0.704   0.420  I_36_30 (M1)
     OR2:I0->O             1   0.704   0.000  I_36_38 (O)
     end scope: 'I_M01'
     MUXF5:I0->O           7   0.321   0.883  I_O (O)
     end scope: 'XLXI_96/XLXI_3/XLXI_3'
     LUT4:I0->O            1   0.704   0.420  XLXI_96/XLXI_9/Mrom_sevenseg21 (sevenseg_2_OBUF)
     OBUF:I->O                 3.272          sevenseg_2_OBUF (sevenseg<2>)
    ----------------------------------------
    Total                      8.466ns (6.296ns logic, 2.170ns route)
                                       (74.4% logic, 25.6% route)

=========================================================================


Total REAL time to Xst completion: 5.00 secs
Total CPU time to Xst completion: 4.01 secs
 
--> 


Total memory usage is 372740 kilobytes

Number of errors   :    0 (   0 filtered)
Number of warnings :   38 (   0 filtered)
Number of infos    :    6 (   0 filtered)

