Command line:
   compteur4_compteur4_sch_tb_isim_beh.exe
     -simmode  gui
     -simrunnum  0
     -socket  45338

Thu Oct  8 11:06:44 2015


 Elaboration Time: 0.01 sec

 Current Memory Usage: 157.733 Meg

 Total Signals          : 42
 Total Nets             : 32
 Total Signal Drivers   : 8
 Total Blocks           : 9
 Total Primitive Blocks : 7
 Total Processes        : 8
 Total Traceable Variables  : 15
 Total Scalar Nets and Variables : 517
Total Line Count : 11

 Total Simulation Time: 0.02 sec

 Current Memory Usage: 232.19 Meg

Thu Oct  8 11:10:09 2015

