--------------------------------------------------------------------------------
Release 12.4 Trace  (lin64)
Copyright (c) 1995-2010 Xilinx, Inc.  All rights reserved.

/opt/Xilinx/12.4/ISE_DS/ISE/bin/lin64/unwrapped/trce -intstyle ise -v 3 -s 4 -n
3 -fastpaths -xml add4bit.twx add4bit.ncd -o add4bit.twr add4bit.pcf -ucf
S3.ucf

Design file:              add4bit.ncd
Physical constraint file: add4bit.pcf
Device,package,speed:     xc3s1200e,fg320,-4 (PRODUCTION 1.27 2010-11-18)
Report level:             verbose report

Environment Variable      Effect 
--------------------      ------ 
NONE                      No environment variables were set
--------------------------------------------------------------------------------

INFO:Timing:2698 - No timing constraints found, doing default enumeration.
INFO:Timing:2752 - To get complete path coverage, use the unconstrained paths 
   option. All paths that are not constrained will be reported in the 
   unconstrained paths section(s) of the report.
INFO:Timing:3339 - The clock-to-out numbers in this timing report are based on 
   a 50 Ohm transmission line loading model.  For the details of this model, 
   and for more information on accounting for different loading conditions, 
   please see the device datasheet.
INFO:Timing:3390 - This architecture does not support a default System Jitter 
   value, please add SYSTEM_JITTER constraint to the UCF to modify the Clock 
   Uncertainty calculation.
INFO:Timing:3389 - This architecture does not support 'Discrete Jitter' and 
   'Phase Error' calculations, these terms will be zero in the Clock 
   Uncertainty calculation.  Please make appropriate modification to 
   SYSTEM_JITTER to account for the unsupported Discrete Jitter and Phase 
   Error.



Data Sheet report:
-----------------
All values displayed in nanoseconds (ns)

Pad to Pad
---------------+---------------+---------+
Source Pad     |Destination Pad|  Delay  |
---------------+---------------+---------+
a<0>           |cout           |    9.073|
a<0>           |s<0>           |    7.172|
a<0>           |s<1>           |    6.914|
a<0>           |s<2>           |    8.292|
a<0>           |s<3>           |    7.671|
a<1>           |cout           |    8.977|
a<1>           |s<1>           |    6.927|
a<1>           |s<2>           |    7.602|
a<1>           |s<3>           |    7.575|
a<2>           |cout           |    7.926|
a<2>           |s<2>           |    8.857|
a<2>           |s<3>           |    6.876|
a<3>           |cout           |    6.574|
a<3>           |s<3>           |    7.685|
b<0>           |cout           |    8.574|
b<0>           |s<0>           |    6.830|
b<0>           |s<1>           |    6.579|
b<0>           |s<2>           |    7.957|
b<0>           |s<3>           |    7.172|
b<1>           |cout           |    9.459|
b<1>           |s<1>           |    7.257|
b<1>           |s<2>           |    8.199|
b<1>           |s<3>           |    8.057|
b<2>           |cout           |    7.554|
b<2>           |s<2>           |    8.321|
b<2>           |s<3>           |    6.340|
b<3>           |cout           |    6.639|
b<3>           |s<3>           |    7.544|
---------------+---------------+---------+


Analysis completed Thu Oct  1 11:30:15 2015 
--------------------------------------------------------------------------------

Trace Settings:
-------------------------
Trace Settings 

Peak Memory Usage: 249 MB



