--------------------------------------------------------------------------------
Release 12.4 Trace  (lin64)
Copyright (c) 1995-2010 Xilinx, Inc.  All rights reserved.

/opt/Xilinx/12.4/ISE_DS/ISE/bin/lin64/unwrapped/trce -intstyle ise -v 3 -s 4 -n
3 -fastpaths -xml toplevel.twx toplevel.ncd -o toplevel.twr toplevel.pcf -ucf
S3.ucf

Design file:              toplevel.ncd
Physical constraint file: toplevel.pcf
Device,package,speed:     xc3s1200e,fg320,-4 (PRODUCTION 1.27 2010-11-18)
Report level:             verbose report

Environment Variable      Effect 
--------------------      ------ 
NONE                      No environment variables were set
--------------------------------------------------------------------------------

INFO:Timing:2698 - No timing constraints found, doing default enumeration.
INFO:Timing:2752 - To get complete path coverage, use the unconstrained paths 
   option. All paths that are not constrained will be reported in the 
   unconstrained paths section(s) of the report.
INFO:Timing:3339 - The clock-to-out numbers in this timing report are based on 
   a 50 Ohm transmission line loading model.  For the details of this model, 
   and for more information on accounting for different loading conditions, 
   please see the device datasheet.
INFO:Timing:3390 - This architecture does not support a default System Jitter 
   value, please add SYSTEM_JITTER constraint to the UCF to modify the Clock 
   Uncertainty calculation.
INFO:Timing:3389 - This architecture does not support 'Discrete Jitter' and 
   'Phase Error' calculations, these terms will be zero in the Clock 
   Uncertainty calculation.  Please make appropriate modification to 
   SYSTEM_JITTER to account for the unsupported Discrete Jitter and Phase 
   Error.



Data Sheet report:
-----------------
All values displayed in nanoseconds (ns)

Setup/Hold to clock clk
------------+------------+------------+------------------+--------+
            |Max Setup to|Max Hold to |                  | Clock  |
Source      | clk (edge) | clk (edge) |Internal Clock(s) | Phase  |
------------+------------+------------+------------------+--------+
switches<0> |    0.143(R)|    1.142(R)|XLXN_145          |   0.000|
switches<1> |   -0.181(R)|    1.401(R)|XLXN_145          |   0.000|
switches<2> |    0.093(R)|    1.185(R)|XLXN_145          |   0.000|
switches<3> |   -0.114(R)|    1.350(R)|XLXN_145          |   0.000|
switches<4> |    0.517(R)|    0.845(R)|XLXN_145          |   0.000|
switches<5> |    0.762(R)|    0.650(R)|XLXN_145          |   0.000|
switches<6> |    0.822(R)|    0.567(R)|XLXN_145          |   0.000|
switches<7> |    1.774(R)|   -0.194(R)|XLXN_145          |   0.000|
------------+------------+------------+------------------+--------+

Clock clk to Pad
------------+------------+------------------+--------+
            | clk (edge) |                  | Clock  |
Destination |   to PAD   |Internal Clock(s) | Phase  |
------------+------------+------------------+--------+
led<0>      |    7.815(R)|XLXN_145          |   0.000|
led<1>      |    7.819(R)|XLXN_145          |   0.000|
led<2>      |    7.620(R)|XLXN_145          |   0.000|
led<3>      |    7.819(R)|XLXN_145          |   0.000|
led<4>      |    8.923(R)|XLXN_145          |   0.000|
led<5>      |    9.221(R)|XLXN_145          |   0.000|
led<6>      |   11.727(R)|XLXN_145          |   0.000|
led<7>      |   10.235(R)|XLXN_145          |   0.000|
sevenseg<0> |   13.201(R)|XLXN_145          |   0.000|
sevenseg<1> |   12.577(R)|XLXN_145          |   0.000|
sevenseg<2> |   13.251(R)|XLXN_145          |   0.000|
sevenseg<3> |   13.512(R)|XLXN_145          |   0.000|
sevenseg<4> |   12.766(R)|XLXN_145          |   0.000|
sevenseg<5> |   12.780(R)|XLXN_145          |   0.000|
sevenseg<6> |   11.658(R)|XLXN_145          |   0.000|
------------+------------+------------------+--------+

Clock to Setup on destination clock clk
---------------+---------+---------+---------+---------+
               | Src:Rise| Src:Fall| Src:Rise| Src:Fall|
Source Clock   |Dest:Rise|Dest:Rise|Dest:Fall|Dest:Fall|
---------------+---------+---------+---------+---------+
clk            |    2.314|         |         |         |
---------------+---------+---------+---------+---------+


Analysis completed Thu Oct 22 12:20:18 2015 
--------------------------------------------------------------------------------

Trace Settings:
-------------------------
Trace Settings 

Peak Memory Usage: 253 MB



