Command line:
   firstsch_isim_beh.exe
     -simmode  gui
     -simrunnum  1
     -socket  43965

Thu Sep 24 11:00:35 2015


 Elaboration Time: 0.01 sec

 Current Memory Usage: 157.729 Meg

 Total Signals          : 52
 Total Nets             : 32
 Total Signal Drivers   : 7
 Total Blocks           : 11
 Total Primitive Blocks : 10
 Total Processes        : 7
 Total Traceable Variables  : 13
 Total Scalar Nets and Variables : 515
Total Line Count : 7

 Total Simulation Time: 0.02 sec

 Current Memory Usage: 232.186 Meg

Thu Sep 24 11:01:04 2015

